<?xml version="1.0" encoding="UTF-8"?>
<robot generator="Robot 6.1.1 (Python 3.11.5 on win32)" generated="20231117 14:41:31.730" rpa="false" schemaversion="4">
<suite id="s1" name="Login" source="C:\Users\BKU.SE\Desktop\SpectralEngines\Testing\Testautomation\testautomation-e2e\Tests\Login.robot">
<test id="s1-t1" name="Open_Application" line="13">
<kw name="Log" library="BuiltIn">
<arg>This is the file ${HTTP_DEVICE}</arg>
<arg>console=true</arg>
<doc>Logs the given message with the given level.</doc>
<msg timestamp="20231117 14:41:31.872" level="TRACE">Arguments: [ 'This is the file ${{ secrets.HTTP_DEVICE }}' | console=True ]</msg>
<msg timestamp="20231117 14:41:31.872" level="INFO">This is the file ${{ secrets.HTTP_DEVICE }}</msg>
<msg timestamp="20231117 14:41:31.872" level="TRACE">Return: None</msg>
<status status="PASS" starttime="20231117 14:41:31.872" endtime="20231117 14:41:31.872"/>
</kw>
<kw name="Open Application" library="AppiumLibrary">
<arg>${{ HTTP_DEVICE }}</arg>
<arg>platformName=Android</arg>
<arg>deviceName=RF8T90V5A7H</arg>
<arg>appPackage=com.purplepro.app</arg>
<arg>appActivity=com.purplepro.app.MainActivity</arg>
<arg>automationName=Uiautomator2</arg>
<doc>Opens a new application to given Appium server.
Capabilities of appium server, Android and iOS,
Please check https://github.com/appium/appium/blob/master/docs/en/writing-running-appium/server-args.md
| *Option*            | *Man.* | *Description*     |
| remote_url          | Yes    | Appium server url |
| alias               | no     | alias             |
| strict_ssl          | No     | allows you to send commands to an invalid certificate host like a self-signed one. |</doc>
<msg timestamp="20231117 14:41:31.872" level="FAIL">Resolving variable '${{ HTTP_DEVICE }}' failed: Evaluating expression 'HTTP_DEVICE' failed: NameError: name 'HTTP_DEVICE' is not defined nor importable as module</msg>
<status status="FAIL" starttime="20231117 14:41:31.872" endtime="20231117 14:41:31.872"/>
</kw>
<kw name="Wait Until Page Contains Element" library="AppiumLibrary">
<arg>${SIGNIN-BUTTON}</arg>
<doc>Waits until element specified with `locator` appears on current page.</doc>
<status status="NOT RUN" starttime="20231117 14:41:31.872" endtime="20231117 14:41:31.872"/>
</kw>
<kw name="Click Element" library="AppiumLibrary">
<arg>${SIGNIN-BUTTON}</arg>
<doc>Click element identified by `locator`.</doc>
<status status="NOT RUN" starttime="20231117 14:41:31.872" endtime="20231117 14:41:31.872"/>
</kw>
<kw name="Sleep" library="BuiltIn">
<arg>2</arg>
<doc>Pauses the test executed for the given time.</doc>
<status status="NOT RUN" starttime="20231117 14:41:31.872" endtime="20231117 14:41:31.872"/>
</kw>
<kw name="Wait Until Page Contains" library="AppiumLibrary">
<arg>text=Konto auswählen</arg>
<doc>Waits until `text` appears on current page.</doc>
<status status="NOT RUN" starttime="20231117 14:41:31.872" endtime="20231117 14:41:31.872"/>
</kw>
<kw name="Sleep" library="BuiltIn">
<arg>2</arg>
<doc>Pauses the test executed for the given time.</doc>
<status status="NOT RUN" starttime="20231117 14:41:31.872" endtime="20231117 14:41:31.872"/>
</kw>
<kw name="Click Element" library="AppiumLibrary">
<arg>${ACCOUNT}</arg>
<doc>Click element identified by `locator`.</doc>
<status status="NOT RUN" starttime="20231117 14:41:31.872" endtime="20231117 14:41:31.872"/>
</kw>
<kw name="Wait Until Page Contains Element" library="AppiumLibrary">
<arg>//android.widget.TextView[@text="Kennwort eingeben"]</arg>
<doc>Waits until element specified with `locator` appears on current page.</doc>
<status status="NOT RUN" starttime="20231117 14:41:31.872" endtime="20231117 14:41:31.872"/>
</kw>
<kw name="Click Element" library="AppiumLibrary">
<arg>${KENNWORT}</arg>
<doc>Click element identified by `locator`.</doc>
<status status="NOT RUN" starttime="20231117 14:41:31.872" endtime="20231117 14:41:31.872"/>
</kw>
<kw name="Input Text" library="AppiumLibrary">
<arg>${KENNWORT}</arg>
<arg>text=123456</arg>
<doc>Types the given `text` into text field identified by `locator`.</doc>
<status status="NOT RUN" starttime="20231117 14:41:31.872" endtime="20231117 14:41:31.872"/>
</kw>
<status status="FAIL" starttime="20231117 14:41:31.872" endtime="20231117 14:41:31.872">Resolving variable '${{ HTTP_DEVICE }}' failed: Evaluating expression 'HTTP_DEVICE' failed: NameError: name 'HTTP_DEVICE' is not defined nor importable as module</status>
</test>
<status status="FAIL" starttime="20231117 14:41:31.731" endtime="20231117 14:41:31.872"/>
</suite>
<statistics>
<total>
<stat pass="0" fail="1" skip="0">All Tests</stat>
</total>
<tag>
</tag>
<suite>
<stat pass="0" fail="1" skip="0" id="s1" name="Login">Login</stat>
</suite>
</statistics>
<errors>
</errors>
</robot>
