<?xml version="1.0" encoding="UTF-8"?>
<robot generator="Robot 6.1.1 (Python 3.11.5 on win32)" generated="20231114 08:39:03.486" rpa="false" schemaversion="4">
<suite id="s1" name="Prp-Test-01" source="C:\Users\BKU.SE\Desktop\SpectralEngines\Testing\Testautomation\testautomation-e2e\Tests\prp-test-01.robot">
<test id="s1-t1" name="Open_Application" line="10">
<kw name="Open Application" library="AppiumLibrary">
<arg>http://192.168.178.32:4723</arg>
<arg>platformName=Android</arg>
<arg>deviceName=RF8T90V5A7H</arg>
<arg>appPackage=com.purplepro.app</arg>
<arg>appActivity=com.purplepro.app.MainActivity</arg>
<arg>automationName=Uiautomator2</arg>
<doc>Opens a new application to given Appium server.
Capabilities of appium server, Android and iOS,
Please check https://github.com/appium/appium/blob/master/docs/en/writing-running-appium/server-args.md
| *Option*            | *Man.* | *Description*     |
| remote_url          | Yes    | Appium server url |
| alias               | no     | alias             |
| strict_ssl          | No     | allows you to send commands to an invalid certificate host like a self-signed one. |</doc>
<msg timestamp="20231114 08:39:03.614" level="TRACE">Arguments: [ 'http://192.168.178.32:4723' | platformName='Android' | deviceName='RF8T90V5A7H' | appPackage='com.purplepro.app' | appActivity='com.purplepro.app.MainActivity' | automationName='Uiautomator2' ]</msg>
<msg timestamp="20231114 08:39:03.614" level="DEBUG">POST http://192.168.178.32:4723/session {"capabilities": {"firstMatch": [{}], "alwaysMatch": {"platformName": "Android", "appium:deviceName": "RF8T90V5A7H", "appium:appPackage": "com.purplepro.app", "appium:appActivity": "com.purplepro.app.MainActivity", "appium:automationName": "Uiautomator2"}}}</msg>
<msg timestamp="20231114 08:39:03.639" level="DEBUG">Starting new HTTP connection (1): 192.168.178.32:4723</msg>
<msg timestamp="20231114 08:39:09.749" level="DEBUG">http://192.168.178.32:4723 "POST /session HTTP/1.1" 200 0</msg>
<msg timestamp="20231114 08:39:09.749" level="DEBUG">Remote response: status=200 | data={"value":{"capabilities":{"platformName":"Android","deviceName":"RF8T90V5A7H","appPackage":"com.purplepro.app","appActivity":"com.purplepro.app.MainActivity","automationName":"Uiautomator2","platform":"LINUX","webStorageEnabled":false,"takesScreenshot":true,"javascriptEnabled":true,"databaseEnabled":false,"networkConnectionEnabled":true,"locationContextEnabled":false,"warnings":{},"desired":{"platformName":"Android","deviceName":"RF8T90V5A7H","appPackage":"com.purplepro.app","appActivity":"com.purplepro.app.MainActivity","automationName":"Uiautomator2"},"deviceUDID":"RF8T90V5A7H","pixelRatio":"2.625","statBarHeight":78,"viewportRect":{"left":0,"top":78,"width":1080,"height":2116},"deviceApiLevel":33,"platformVersion":"13","deviceManufacturer":"samsung","deviceModel":"SM-A325F","deviceScreenSize":"1080x2400","deviceScreenDensity":420},"sessionId":"44fbfd7a-8332-4f99-92ff-391bc04a38f0"}} | headers=HTTPHeaderDict({'X-Powered-By': 'Express', 'Vary': 'X-HTTP-Method-Override', 'Content-Type': 'application/json; charset=utf-8', 'Content-Length': '898', 'ETag': 'W/"382-khAJsQKKxbqNYgnjoFHoItUl9s4"', 'Date': 'Tue, 14 Nov 2023 07:39:09 GMT', 'Connection': 'keep-alive', 'Keep-Alive': 'timeout=600'})</msg>
<msg timestamp="20231114 08:39:09.749" level="DEBUG">Finished Request</msg>
<msg timestamp="20231114 08:39:09.749" level="DEBUG">Opened application with session id 44fbfd7a-8332-4f99-92ff-391bc04a38f0</msg>
<msg timestamp="20231114 08:39:09.749" level="TRACE">Return: 1</msg>
<status status="PASS" starttime="20231114 08:39:03.614" endtime="20231114 08:39:09.749"/>
</kw>
<kw name="Wait Until Page Contains Element" library="AppiumLibrary">
<arg>${SIGNIN-BUTTON}</arg>
<doc>Waits until element specified with `locator` appears on current page.</doc>
<msg timestamp="20231114 08:39:09.749" level="TRACE">Arguments: [ '//android.widget.Button[@text="Sign in"]' ]</msg>
<msg timestamp="20231114 08:39:09.749" level="DEBUG">POST http://192.168.178.32:4723/session/44fbfd7a-8332-4f99-92ff-391bc04a38f0/elements {"using": "xpath", "value": "//android.widget.Button[@text=\"Sign in\"]"}</msg>
<msg timestamp="20231114 08:39:10.568" level="DEBUG">http://192.168.178.32:4723 "POST /session/44fbfd7a-8332-4f99-92ff-391bc04a38f0/elements HTTP/1.1" 200 0</msg>
<msg timestamp="20231114 08:39:10.568" level="DEBUG">Remote response: status=200 | data={"value":[]} | headers=HTTPHeaderDict({'X-Powered-By': 'Express', 'Vary': 'X-HTTP-Method-Override', 'Content-Type': 'application/json; charset=utf-8', 'Content-Length': '12', 'ETag': 'W/"c-ct3goOI+b+kRZv2R9j2fTtMXwkk"', 'Date': 'Tue, 14 Nov 2023 07:39:10 GMT', 'Connection': 'keep-alive', 'Keep-Alive': 'timeout=600'})</msg>
<msg timestamp="20231114 08:39:10.568" level="DEBUG">Finished Request</msg>
<msg timestamp="20231114 08:39:10.783" level="DEBUG">POST http://192.168.178.32:4723/session/44fbfd7a-8332-4f99-92ff-391bc04a38f0/elements {"using": "xpath", "value": "//android.widget.Button[@text=\"Sign in\"]"}</msg>
<msg timestamp="20231114 08:39:11.461" level="DEBUG">http://192.168.178.32:4723 "POST /session/44fbfd7a-8332-4f99-92ff-391bc04a38f0/elements HTTP/1.1" 200 0</msg>
<msg timestamp="20231114 08:39:11.461" level="DEBUG">Remote response: status=200 | data={"value":[]} | headers=HTTPHeaderDict({'X-Powered-By': 'Express', 'Vary': 'X-HTTP-Method-Override', 'Content-Type': 'application/json; charset=utf-8', 'Content-Length': '12', 'ETag': 'W/"c-ct3goOI+b+kRZv2R9j2fTtMXwkk"', 'Date': 'Tue, 14 Nov 2023 07:39:11 GMT', 'Connection': 'keep-alive', 'Keep-Alive': 'timeout=600'})</msg>
<msg timestamp="20231114 08:39:11.461" level="DEBUG">Finished Request</msg>
<msg timestamp="20231114 08:39:11.662" level="DEBUG">POST http://192.168.178.32:4723/session/44fbfd7a-8332-4f99-92ff-391bc04a38f0/elements {"using": "xpath", "value": "//android.widget.Button[@text=\"Sign in\"]"}</msg>
<msg timestamp="20231114 08:39:11.809" level="DEBUG">http://192.168.178.32:4723 "POST /session/44fbfd7a-8332-4f99-92ff-391bc04a38f0/elements HTTP/1.1" 200 0</msg>
<msg timestamp="20231114 08:39:11.809" level="DEBUG">Remote response: status=200 | data={"value":[]} | headers=HTTPHeaderDict({'X-Powered-By': 'Express', 'Vary': 'X-HTTP-Method-Override', 'Content-Type': 'application/json; charset=utf-8', 'Content-Length': '12', 'ETag': 'W/"c-ct3goOI+b+kRZv2R9j2fTtMXwkk"', 'Date': 'Tue, 14 Nov 2023 07:39:11 GMT', 'Connection': 'keep-alive', 'Keep-Alive': 'timeout=600'})</msg>
<msg timestamp="20231114 08:39:11.809" level="DEBUG">Finished Request</msg>
<msg timestamp="20231114 08:39:12.011" level="DEBUG">POST http://192.168.178.32:4723/session/44fbfd7a-8332-4f99-92ff-391bc04a38f0/elements {"using": "xpath", "value": "//android.widget.Button[@text=\"Sign in\"]"}</msg>
<msg timestamp="20231114 08:39:12.135" level="DEBUG">http://192.168.178.32:4723 "POST /session/44fbfd7a-8332-4f99-92ff-391bc04a38f0/elements HTTP/1.1" 200 0</msg>
<msg timestamp="20231114 08:39:12.136" level="DEBUG">Remote response: status=200 | data={"value":[{"element-6066-11e4-a52e-4f735466cecf":"00000000-0000-05f4-0000-002e00000007","ELEMENT":"00000000-0000-05f4-0000-002e00000007"}]} | headers=HTTPHeaderDict({'X-Powered-By': 'Express', 'Vary': 'X-HTTP-Method-Override', 'Content-Type': 'application/json; charset=utf-8', 'Content-Length': '139', 'ETag': 'W/"8b-5SKXz47tFqRALp+H5sVKDp1fG1M"', 'Date': 'Tue, 14 Nov 2023 07:39:12 GMT', 'Connection': 'keep-alive', 'Keep-Alive': 'timeout=600'})</msg>
<msg timestamp="20231114 08:39:12.136" level="DEBUG">Finished Request</msg>
<msg timestamp="20231114 08:39:12.136" level="INFO">xpath criteria: //android.widget.Button[@text="Sign in"]
xpath criteria: //android.widget.Button[@text="Sign in"]
xpath criteria: //android.widget.Button[@text="Sign in"]
xpath criteria: //android.widget.Button[@text="Sign in"]</msg>
<msg timestamp="20231114 08:39:12.136" level="TRACE">Return: None</msg>
<status status="PASS" starttime="20231114 08:39:09.749" endtime="20231114 08:39:12.136"/>
</kw>
<kw name="Click Element" library="AppiumLibrary">
<arg>${SIGNIN-BUTTON}</arg>
<doc>Click element identified by `locator`.</doc>
<msg timestamp="20231114 08:39:12.136" level="TRACE">Arguments: [ '//android.widget.Button[@text="Sign in"]' ]</msg>
<msg timestamp="20231114 08:39:12.136" level="INFO">Clicking element '//android.widget.Button[@text="Sign in"]'.</msg>
<msg timestamp="20231114 08:39:12.136" level="DEBUG">POST http://192.168.178.32:4723/session/44fbfd7a-8332-4f99-92ff-391bc04a38f0/elements {"using": "xpath", "value": "//android.widget.Button[@text=\"Sign in\"]"}</msg>
<msg timestamp="20231114 08:39:12.223" level="DEBUG">http://192.168.178.32:4723 "POST /session/44fbfd7a-8332-4f99-92ff-391bc04a38f0/elements HTTP/1.1" 200 0</msg>
<msg timestamp="20231114 08:39:12.224" level="DEBUG">Remote response: status=200 | data={"value":[{"element-6066-11e4-a52e-4f735466cecf":"00000000-0000-05f4-0000-002e00000007","ELEMENT":"00000000-0000-05f4-0000-002e00000007"}]} | headers=HTTPHeaderDict({'X-Powered-By': 'Express', 'Vary': 'X-HTTP-Method-Override', 'Content-Type': 'application/json; charset=utf-8', 'Content-Length': '139', 'ETag': 'W/"8b-5SKXz47tFqRALp+H5sVKDp1fG1M"', 'Date': 'Tue, 14 Nov 2023 07:39:12 GMT', 'Connection': 'keep-alive', 'Keep-Alive': 'timeout=600'})</msg>
<msg timestamp="20231114 08:39:12.224" level="DEBUG">Finished Request</msg>
<msg timestamp="20231114 08:39:12.224" level="DEBUG">POST http://192.168.178.32:4723/session/44fbfd7a-8332-4f99-92ff-391bc04a38f0/element/00000000-0000-05f4-0000-002e00000007/click {}</msg>
<msg timestamp="20231114 08:39:12.278" level="DEBUG">http://192.168.178.32:4723 "POST /session/44fbfd7a-8332-4f99-92ff-391bc04a38f0/element/00000000-0000-05f4-0000-002e00000007/click HTTP/1.1" 200 0</msg>
<msg timestamp="20231114 08:39:12.279" level="DEBUG">Remote response: status=200 | data={"value":null} | headers=HTTPHeaderDict({'X-Powered-By': 'Express', 'Vary': 'X-HTTP-Method-Override', 'Content-Type': 'application/json; charset=utf-8', 'Content-Length': '14', 'ETag': 'W/"e-9/1BuKMgFObM1mWJm+YjxtXJnUM"', 'Date': 'Tue, 14 Nov 2023 07:39:12 GMT', 'Connection': 'keep-alive', 'Keep-Alive': 'timeout=600'})</msg>
<msg timestamp="20231114 08:39:12.279" level="DEBUG">Finished Request</msg>
<msg timestamp="20231114 08:39:12.279" level="INFO">xpath criteria: //android.widget.Button[@text="Sign in"]</msg>
<msg timestamp="20231114 08:39:12.279" level="TRACE">Return: None</msg>
<status status="PASS" starttime="20231114 08:39:12.136" endtime="20231114 08:39:12.280"/>
</kw>
<kw name="Sleep" library="BuiltIn">
<arg>2</arg>
<doc>Pauses the test executed for the given time.</doc>
<msg timestamp="20231114 08:39:12.280" level="TRACE">Arguments: [ '2' ]</msg>
<msg timestamp="20231114 08:39:14.280" level="INFO">Slept 2 seconds</msg>
<msg timestamp="20231114 08:39:14.280" level="TRACE">Return: None</msg>
<status status="PASS" starttime="20231114 08:39:12.280" endtime="20231114 08:39:14.280"/>
</kw>
<kw name="Wait Until Page Contains" library="AppiumLibrary">
<arg>text=Konto auswählen</arg>
<doc>Waits until `text` appears on current page.</doc>
<msg timestamp="20231114 08:39:14.280" level="TRACE">Arguments: [ text='Konto auswählen' ]</msg>
<msg timestamp="20231114 08:39:14.280" level="DEBUG">GET http://192.168.178.32:4723/session/44fbfd7a-8332-4f99-92ff-391bc04a38f0/source {}</msg>
<msg timestamp="20231114 08:39:14.531" level="DEBUG">http://192.168.178.32:4723 "GET /session/44fbfd7a-8332-4f99-92ff-391bc04a38f0/source HTTP/1.1" 200 0</msg>
<msg timestamp="20231114 08:39:14.531" level="DEBUG">Remote response: status=200 | data={"sessionId":"44fbfd7a-8332-4f99-92ff-391bc04a38f0","value":"&lt;?xml version='1.0' encoding='UTF-8' standalone='yes' ?&gt;\r\n&lt;hierarchy index=\"0\" class=\"hierarchy\" rotation=\"0\" width=\"1080\" height=\"2194\"&gt;\r\n  &lt;android.widget.FrameLayout index=\"0\" package=\"com.android.chrome\" class=\"android.widget.FrameLayout\" text=\"\" checkable=\"false\" checked=\"false\" clickable=\"false\" enabled=\"true\" focusable=\"false\" focused=\"false\" long-clickable=\"false\" password=\"false\" scrollable=\"false\" selected=\"false\" bounds=\"[0,0][1080,2194]\" displayed=\"true\"&gt;\r\n    &lt;android.widget.LinearLayout index=\"0\" package=\"com.android.chrome\" class=\"android.widget.LinearLayout\" text=\"\" checkable=\"false\" checked=\"false\" clickable=\"false\" enabled=\"true\" focusable=\"false\" focused=\"false\" long-clickable=\"false\" password=\"false\" scrollable=\"false\" selected=\"false\" bounds=\"[0,0][1080,2194]\" displayed=\"true\"&gt;\r\n      &lt;android.widget.FrameLayout index=\"0\" package=\"com.android.chrome\" class=\"android.widget.FrameLayout\" text=\"\" checkable=\"false\" checked=\"false\" clickable=\"false\" enabled=\"true\" focusable=\"false\" focused=\"false\" long-clickable=\"false\" password=\"false\" scrollable=\"false\" selected=\"false\" bounds=\"[0,80][1080,2194]\" displayed=\"true\"&gt;\r\n        &lt;android.widget.FrameLayout index=\"0\" package=\"com.android.chrome\" class=\"android.widget.FrameLayout\" text=\"\" checkable=\"false\" checked=\"false\" clickable=\"false\" enabled=\"true\" focusable=\"false\" focused=\"false\" long-clickable=\"false\" password=\"false\" scrollable=\"false\" selected=\"false\" bounds=\"[0,80][1080,2194]\" displayed=\"true\"&gt;\r\n          &lt;android.widget.FrameLayout index=\"0\" package=\"com.android.chrome\" class=\"android.widget.FrameLayout\" text=\"\" resource-id=\"android:id/content\" checkable=\"false\" checked=\"false\" clickable=\"false\" enabled=\"true\" focusable=\"false\" focused=\"false\" long-clickable=\"false\" password=\"false\" scrollable=\"false\" selected=\"false\" bounds=\"[0,80][1080,2194]\" displayed=\"true\"&gt;\r\n            &lt;android.view.ViewGroup index=\"0\" package=\"com.android.chrome\" class=\"android.view.ViewGroup\" text=\"\" resource-id=\"com.android.chrome:id/coordinator\" checkable=\"false\" checked=\"false\" clickable=\"false\" enabled=\"true\" focusable=\"false\" focused=\"false\" long-clickable=\"false\" password=\"false\" scrollable=\"false\" selected=\"false\" bounds=\"[0,80][1080,2194]\" displayed=\"true\"&gt;\r\n              &lt;android.widget.FrameLayout index=\"0\" package=\"com.android.chrome\" class=\"android.widget.FrameLayout\" text=\"\" resource-id=\"com.android.chrome:id/compositor_view_holder\" checkable=\"false\" checked=\"false\" clickable=\"false\" enabled=\"true\" focusable=\"false\" focused=\"false\" long-clickable=\"false\" password=\"false\" scrollable=\"false\" selected=\"false\" bounds=\"[0,80][1080,2194]\" displayed=\"true\"&gt;\r\n                &lt;android.widget.FrameLayout index=\"0\" package=\"com.android.chrome\" class=\"android.widget.FrameLayout\" text=\"\" checkable=\"false\" checked=\"false\" clickable=\"false\" enabled=\"true\" focusable=\"false\" focused=\"false\" long-clickable=\"false\" password=\"false\" scrollable=\"false\" selected=\"false\" bounds=\"[0,80][1080,2194]\" displayed=\"true\"&gt;\r\n                  &lt;android.view.View index=\"0\" package=\"com.android.chrome\" class=\"android.view.View\" text=\"\" checkable=\"false\" checked=\"false\" clickable=\"false\" enabled=\"true\" focusable=\"false\" focused=\"false\" long-clickable=\"false\" password=\"false\" scrollable=\"false\" selected=\"false\" bounds=\"[0,80][1080,2194]\" displayed=\"true\" /&gt;\r\n                &lt;/android.widget.FrameLayout&gt;\r\n                &lt;android.widget.FrameLayout index=\"1\" package=\"com.android.chrome\" class=\"android.widget.FrameLayout\" text=\"\" checkable=\"false\" checked=\"false\" clickable=\"false\" enabled=\"true\" focusable=\"false\" focused=\"false\" long-clickable=\"false\" password=\"false\" scrollable=\"false\" selected=\"false\" bounds=\"[0,80][1080,2194]\" displayed=\"true\"&gt;\r\n                  &lt;android.webkit.WebView index=\"0\" package=\"com.android.chrome\" class=\"android.webkit.WebView\" text=\"Bei Ihrem Konto anmelden\" checkable=\"false\" checked=\"false\" clickable=\"false\" enabled=\"true\" focusable=\"true\" focused=\"false\" long-clickable=\"false\" password=\"false\" scrollable=\"true\" selected=\"false\" bounds=\"[0,227][1080,2194]\" displayed=\"true\" hint=\"\"&gt;\r\n                    &lt;android.view.View index=\"0\" package=\"com.android.chrome\" class=\"android.view.View\" text=\"\" resource-id=\"i0281\" checkable=\"false\" checked=\"false\" clickable=\"false\" enabled=\"true\" focusable=\"false\" focused=\"false\" long-clickable=\"false\" password=\"false\" scrollable=\"false\" selected=\"false\" bounds=\"[0,227][1080,232]\" displayed=\"true\" hint=\"\"&gt;\r\n                      &lt;android.view.View index=\"0\" package=\"com.android.chrome\" class=\"android.view.View\" text=\"\" resource-id=\"lightboxTemplateContainer\" checkable=\"false\" checked=\"false\" clickable=\"false\" enabled=\"true\" focusable=\"false\" focused=\"false\" long-clickable=\"false\" password=\"false\" scrollable=\"false\" selected=\"false\" bounds=\"[0,227][1080,232]\" displayed=\"true\" hint=\"\"&gt;\r\n                        &lt;android.view.View index=\"1\" package=\"com.android.chrome\" class=\"android.view.View\" text=\"\" checkable=\"false\" checked=\"false\" clickable=\"false\" enabled=\"true\" focusable=\"false\" focused=\"false\" long-clickable=\"false\" password=\"false\" scrollable=\"false\" selected=\"false\" bounds=\"[0,227][1080,2194]\" displayed=\"true\" hint=\"\"&gt;\r\n                          &lt;android.view.View index=\"0\" package=\"com.android.chrome\" class=\"android.view.View\" text=\"\" checkable=\"false\" checked=\"false\" clickable=\"false\" enabled=\"true\" focusable=\"false\" focused=\"false\" long-clickable=\"false\" password=\"false\" scrollable=\"false\" selected=\"false\" bounds=\"[0,227][1080,2194]\" displayed=\"true\" hint=\"\"&gt;\r\n                            &lt;android.view.View index=\"0\" package=\"com.android.chrome\" class=\"android.view.View\" text=\"Microsoft\" checkable=\"false\" checked=\"false\" clickable=\"false\" enabled=\"true\" focusable=\"false\" focused=\"false\" long-clickable=\"false\" password=\"false\" scrollable=\"false\" selected=\"false\" bounds=\"[0,227][1080,2194]\" displayed=\"true\" hint=\"\"&gt;\r\n                              &lt;android.view.View index=\"0\" package=\"com.android.chrome\" class=\"android.view.View\" text=\"\" resource-id=\"lightbox\" checkable=\"false\" checked=\"false\" clickable=\"false\" enabled=\"true\" focusable=\"false\" focused=\"false\" long-clickable=\"false\" password=\"false\" scrollable=\"false\" selected=\"false\" bounds=\"[0,227][1080,1206]\" displayed=\"true\" hint=\"\"&gt;\r\n                                &lt;android.widget.TextView index=\"0\" package=\"com.android.chrome\" class=\"android.widget.TextView\" text=\"\" checkable=\"false\" checked=\"false\" clickable=\"false\" enabled=\"true\" focusable=\"false\" focused=\"false\" long-clickable=\"false\" password=\"false\" scrollable=\"false\" selected=\"false\" bounds=\"[0,227][1080,1206]\" displayed=\"true\" hint=\"\" /&gt;\r\n                                &lt;android.view.View index=\"1\" package=\"com.android.chrome\" class=\"android.view.View\" text=\"\" checkable=\"false\" checked=\"false\" clickable=\"false\" enabled=\"true\" focusable=\"false\" focused=\"false\" long-clickable=\"false\" password=\"false\" scrollable=\"false\" selected=\"false\" bounds=\"[68,295][1013,368]\" displayed=\"true\" hint=\"\"&gt;\r\n                                  &lt;android.widget.Image index=\"0\" package=\"com.android.chrome\" class=\"android.widget.Image\" text=\"Microsoft\" checkable=\"false\" checked=\"false\" clickable=\"false\" enabled=\"true\" focusable=\"false\" focused=\"false\" long-clickable=\"false\" password=\"false\" scrollable=\"false\" selected=\"false\" bounds=\"[68,295][383,368]\" displayed=\"true\" hint=\"\" /&gt;\r\n                                &lt;/android.view.View&gt;\r\n                                &lt;android.view.View index=\"2\" package=\"com.android.chrome\" class=\"android.view.View\" text=\"\" checkable=\"false\" checked=\"false\" clickable=\"false\" enabled=\"true\" focusable=\"false\" focused=\"false\" long-clickable=\"false\" password=\"false\" scrollable=\"false\" selected=\"false\" bounds=\"[68,410][1013,1009]\" displayed=\"true\" hint=\"\"&gt;\r\n                                  &lt;android.view.View index=\"0\" package=\"com.android.chrome\" class=\"android.view.View\" text=\"\" checkable=\"false\" checked=\"false\" clickable=\"false\" enabled=\"true\" focusable=\"false\" focused=\"false\" long-clickable=\"false\" password=\"false\" scrollable=\"false\" selected=\"false\" bounds=\"[68,410][1013,1009]\" displayed=\"true\" hint=\"\"&gt;\r\n                                    &lt;android.view.View index=\"0\" package=\"com.android.chrome\" class=\"android.view.View\" text=\"\" resource-id=\"loginHeader\" checkable=\"false\" checked=\"false\" clickable=\"false\" enabled=\"true\" focusable=\"false\" focused=\"false\" long-clickable=\"false\" password=\"false\" scrollable=\"false\" selected=\"false\" bounds=\"[68,410][1013,494]\" displayed=\"true\" hint=\"\"&gt;\r\n                                      &lt;android.widget.TextView index=\"0\" package=\"com.android.chrome\" class=\"android.widget.TextView\" text=\"Konto auswählen\" checkable=\"false\" checked=\"false\" clickable=\"false\" enabled=\"true\" focusable=\"false\" focused=\"false\" long-clickable=\"false\" password=\"false\" scrollable=\"false\" selected=\"false\" bounds=\"[68,410][1013,494]\" displayed=\"true\" hint=\"\" /&gt;\r\n                                    &lt;/android.view.View&gt;\r\n                                    &lt;android.widget.ListView index=\"1\" package=\"com.android.chrome\" class=\"android.widget.ListView\" text=\"Konto auswählen\" resource-id=\"tilesHolder\" checkable=\"false\" checked=\"false\" clickable=\"false\" enabled=\"true\" focusable=\"false\" focused=\"false\" long-clickable=\"false\" password=\"false\" scrollable=\"false\" selected=\"false\" bounds=\"[68,526][1013,946]\" displayed=\"true\" hint=\"\"&gt;\r\n                                      &lt;android.view.View index=\"0\" package=\"com.android.chrome\" class=\"android.view.View\" text=\"\" checkable=\"false\" checked=\"false\" clickable=\"false\" enabled=\"true\" focusable=\"false\" focused=\"false\" long-clickable=\"false\" password=\"false\" scrollable=\"false\" selected=\"false\" bounds=\"[68,526][1013,736]\" displayed=\"true\" hint=\"\"&gt;\r\n                                        &lt;android.view.View index=\"0\" package=\"com.android.chrome\" class=\"android.view.View\" text=\"\" checkable=\"false\" checked=\"false\" clickable=\"false\" enabled=\"true\" focusable=\"false\" focused=\"false\" long-clickable=\"false\" password=\"false\" scrollable=\"false\" selected=\"false\" bounds=\"[0,526][1080,736]\" displayed=\"true\" hint=\"\"&gt;\r\n                                          &lt;android.widget.Button index=\"0\" package=\"com.android.chrome\" class=\"android.widget.Button\" text='Melden Sie sich mit dem Geschäfts-, Schul- oder Unikonto \"bilal.kuecuekkaya@spectralengines.com\" an.' checkable=\"false\" checked=\"false\" clickable=\"true\" enabled=\"true\" focusable=\"true\" focused=\"true\" long-clickable=\"false\" password=\"false\" scrollable=\"false\" selected=\"false\" bounds=\"[0,526][1080,736]\" displayed=\"true\" hint=\"Konto auswählen\" /&gt;\r\n                                          &lt;android.view.View index=\"1\" package=\"com.android.chrome\" class=\"android.view.View\" text=\"\" checkable=\"false\" checked=\"false\" clickable=\"false\" enabled=\"true\" focusable=\"false\" focused=\"false\" long-clickable=\"false\" password=\"false\" scrollable=\"false\" selected=\"false\" bounds=\"[945,599][1013,660]\" displayed=\"true\" hint=\"\"&gt;\r\n                                            &lt;android.widget.Button index=\"0\" package=\"com.android.chrome\" class=\"android.widget.Button\" text=\"Menü öffnen\" checkable=\"false\" checked=\"false\" clickable=\"true\" enabled=\"true\" focusable=\"true\" focused=\"false\" long-clickable=\"false\" password=\"false\" scrollable=\"false\" selected=\"false\" bounds=\"[945,599][1013,660]\" displayed=\"true\" hint=\"\" /&gt;\r\n                                          &lt;/android.view.View&gt;\r\n                                        &lt;/android.view.View&gt;\r\n                                      &lt;/android.view.View&gt;\r\n                                      &lt;android.view.View index=\"1\" package=\"com.android.chrome\" class=\"android.view.View\" text=\"\" checkable=\"false\" checked=\"false\" clickable=\"false\" enabled=\"true\" focusable=\"false\" focused=\"false\" long-clickable=\"false\" password=\"false\" scrollable=\"false\" selected=\"false\" bounds=\"[0,733][1080,946]\" displayed=\"true\" hint=\"\"&gt;\r\n                                        &lt;android.widget.Button index=\"0\" package=\"com.android.chrome\" class=\"android.widget.Button\" text=\"Anderes Konto verwenden\" resource-id=\"otherTile\" checkable=\"false\" checked=\"false\" clickable=\"true\" enabled=\"true\" focusable=\"true\" focused=\"false\" long-clickable=\"false\" password=\"false\" scrollable=\"false\" selected=\"false\" bounds=\"[0,733][1080,946]\" displayed=\"true\" hint=\"\" /&gt;\r\n                                      &lt;/android.view.View&gt;\r\n                                    &lt;/android.widget.ListView&gt;\r\n                                  &lt;/android.view.View&gt;\r\n                                &lt;/android.view.View&gt;\r\n                              &lt;/android.view.View&gt;\r\n                            &lt;/android.view.View&gt;\r\n                          &lt;/android.view.View&gt;\r\n                          &lt;android.view.View index=\"1\" package=\"com.android.chrome\" class=\"android.view.View\" text=\"\" resource-id=\"footer\" checkable=\"false\" checked=\"false\" clickable=\"false\" enabled=\"true\" focusable=\"false\" focused=\"false\" long-clickable=\"false\" password=\"false\" scrollable=\"false\" selected=\"false\" bounds=\"[0,2111][1080,2194]\" displayed=\"true\" hint=\"\"&gt;\r\n                            &lt;android.view.View index=\"0\" package=\"com.android.chrome\" class=\"android.view.View\" text=\"\" resource-id=\"footerLinks\" checkable=\"false\" checked=\"false\" clickable=\"false\" enabled=\"true\" focusable=\"false\" focused=\"false\" long-clickable=\"false\" password=\"false\" scrollable=\"false\" selected=\"false\" bounds=\"[68,2111][1013,2194]\" displayed=\"true\" hint=\"\"&gt;\r\n                              &lt;android.view.View index=\"0\" package=\"com.android.chrome\" class=\"android.view.View\" text=\"\" content-desc=\"Nutzungsbedingungen\" resource-id=\"ftrTerms\" checkable=\"false\" checked=\"false\" clickable=\"true\" enabled=\"true\" focusable=\"true\" focused=\"false\" long-clickable=\"false\" password=\"false\" scrollable=\"false\" selected=\"false\" bounds=\"[91,2111][438,2194]\" displayed=\"true\" hint=\"\"&gt;\r\n                                &lt;android.widget.TextView index=\"0\" package=\"com.android.chrome\" class=\"android.widget.TextView\" text=\"Nutzungsbedingungen\" checkable=\"false\" checked=\"false\" clickable=\"false\" enabled=\"true\" focusable=\"false\" focused=\"false\" long-clickable=\"false\" password=\"false\" scrollable=\"false\" selected=\"false\" bounds=\"[91,2132][438,2177]\" displayed=\"true\" hint=\"\" /&gt;\r\n                              &lt;/android.view.View&gt;\r\n                              &lt;android.view.View index=\"1\" package=\"com.android.chrome\" class=\"android.view.View\" text=\"\" content-desc=\"Datenschutz und Cookies\" resource-id=\"ftrPrivacy\" checkable=\"false\" checked=\"false\" clickable=\"true\" enabled=\"true\" focusable=\"true\" focused=\"false\" long-clickable=\"false\" password=\"false\" scrollable=\"false\" selected=\"false\" bounds=\"[490,2111][887,2194]\" displayed=\"true\" hint=\"\"&gt;\r\n                                &lt;android.widget.TextView index=\"0\" package=\"com.android.chrome\" class=\"android.widget.TextView\" text=\"Datenschutz und Cookies\" checkable=\"false\" checked=\"false\" clickable=\"false\" enabled=\"true\" focusable=\"false\" focused=\"false\" long-clickable=\"false\" password=\"false\" scrollable=\"false\" selected=\"false\" bounds=\"[490,2132][887,2177]\" displayed=\"true\" hint=\"\" /&gt;\r\n                              &lt;/android.view.View&gt;\r\n                              &lt;android.view.View index=\"2\" package=\"com.android.chrome\" class=\"android.view.View\" text=\"\" content-desc=\"Haftungsausschluss\" resource-id=\"ftrImpressum\" checkable=\"false\" checked=\"false\" clickable=\"true\" enabled=\"true\" focusable=\"true\" focused=\"false\" long-clickable=\"false\" password=\"false\" scrollable=\"false\" selected=\"false\" bounds=\"[91,2193][412,2194]\" displayed=\"true\" hint=\"\"&gt;\r\n                                &lt;android.widget.TextView index=\"0\" package=\"com.android.chrome\" class=\"android.widget.TextView\" text=\"Haftungsausschluss\" checkable=\"false\" checked=\"false\" clickable=\"false\" enabled=\"true\" focusable=\"false\" focused=\"false\" long-clickable=\"false\" password=\"false\" scrollable=\"false\" selected=\"false\" bounds=\"[91,2211][412,2256]\" displayed=\"true\" hint=\"\" /&gt;\r\n                              &lt;/android.view.View&gt;\r\n                              &lt;android.widget.Button index=\"3\" package=\"com.android.chrome\" class=\"android.widget.Button\" text=\"Klicken Sie hier, um weitere Informationen zur Problembehandlung zu erhalten.\" resource-id=\"moreOptions\" checkable=\"false\" checked=\"false\" clickable=\"true\" enabled=\"true\" focusable=\"true\" focused=\"false\" long-clickable=\"false\" password=\"false\" scrollable=\"false\" selected=\"false\" bounds=\"[464,2193][532,2194]\" displayed=\"true\" hint=\"\" /&gt;\r\n                            &lt;/android.view.View&gt;\r\n                          &lt;/android.view.View&gt;\r\n                        &lt;/android.view.View&gt;\r\n                      &lt;/android.view.View&gt;\r\n                    &lt;/android.view.View&gt;\r\n                  &lt;/android.webkit.WebView&gt;\r\n                &lt;/android.widget.FrameLayout&gt;\r\n              &lt;/android.widget.FrameLayout&gt;\r\n              &lt;android.widget.FrameLayout index=\"1\" package=\"com.android.chrome\" class=\"android.widget.FrameLayout\" text=\"\" resource-id=\"com.android.chrome:id/control_container\" checkable=\"false\" checked=\"false\" clickable=\"false\" enabled=\"true\" focusable=\"false\" focused=\"false\" long-clickable=\"false\" password=\"false\" scrollable=\"false\" selected=\"false\" bounds=\"[0,80][1080,230]\" displayed=\"true\"&gt;\r\n                &lt;android.widget.FrameLayout index=\"0\" package=\"com.android.chrome\" class=\"android.widget.FrameLayout\" text=\"\" resource-id=\"com.android.chrome:id/toolbar_container\" checkable=\"false\" checked=\"false\" clickable=\"false\" enabled=\"true\" focusable=\"false\" focused=\"false\" long-clickable=\"false\" password=\"false\" scrollable=\"false\" selected=\"false\" bounds=\"[0,80][1080,230]\" displayed=\"true\"&gt;\r\n                  &lt;android.widget.FrameLayout index=\"0\" package=\"com.android.chrome\" class=\"android.widget.FrameLayout\" text=\"\" resource-id=\"com.android.chrome:id/toolbar\" checkable=\"false\" checked=\"false\" clickable=\"false\" enabled=\"true\" focusable=\"false\" focused=\"false\" long-clickable=\"false\" password=\"false\" scrollable=\"false\" selected=\"false\" bounds=\"[0,80][1080,227]\" displayed=\"true\"&gt;\r\n                    &lt;android.widget.ImageButton index=\"0\" package=\"com.android.chrome\" class=\"android.widget.ImageButton\" text=\"\" content-desc=\"Schließen\" resource-id=\"com.android.chrome:id/close_button\" checkable=\"false\" checked=\"false\" clickable=\"true\" enabled=\"true\" focusable=\"true\" focused=\"false\" long-clickable=\"true\" password=\"false\" scrollable=\"false\" selected=\"false\" bounds=\"[0,80][126,227]\" displayed=\"true\" /&gt;\r\n                    &lt;android.widget.FrameLayout index=\"1\" package=\"com.android.chrome\" class=\"android.widget.FrameLayout\" text=\"\" resource-id=\"com.android.chrome:id/location_bar_frame_layout\" checkable=\"false\" checked=\"false\" clickable=\"false\" enabled=\"true\" focusable=\"false\" focused=\"false\" long-clickable=\"false\" password=\"false\" scrollable=\"false\" selected=\"false\" bounds=\"[126,122][845,185]\" displayed=\"true\"&gt;\r\n                      &lt;android.widget.ImageButton index=\"0\" package=\"com.android.chrome\" class=\"android.widget.ImageButton\" text=\"\" content-desc=\"Verbindung ist sicher\" resource-id=\"com.android.chrome:id/security_button\" checkable=\"false\" checked=\"false\" clickable=\"true\" enabled=\"true\" focusable=\"true\" focused=\"false\" long-clickable=\"false\" password=\"false\" scrollable=\"false\" selected=\"false\" bounds=\"[126,122][200,185]\" displayed=\"true\" /&gt;\r\n                      &lt;android.widget.FrameLayout index=\"1\" package=\"com.android.chrome\" class=\"android.widget.FrameLayout\" text=\"\" resource-id=\"com.android.chrome:id/title_url_container\" checkable=\"false\" checked=\"false\" clickable=\"false\" enabled=\"true\" focusable=\"false\" focused=\"false\" long-clickable=\"true\" password=\"false\" scrollable=\"false\" selected=\"false\" bounds=\"[200,130][845,177]\" displayed=\"true\"&gt;\r\n                        &lt;android.widget.TextView index=\"0\" package=\"com.android.chrome\" class=\"android.widget.TextView\" text=\"login.microsoftonline.com\" resource-id=\"com.android.chrome:id/url_bar\" checkable=\"false\" checked=\"false\" clickable=\"true\" enabled=\"false\" focusable=\"true\" focused=\"false\" long-clickable=\"true\" password=\"false\" scrollable=\"false\" selected=\"false\" bounds=\"[200,130][631,177]\" displayed=\"true\" hint=\"\" /&gt;\r\n                      &lt;/android.widget.FrameLayout&gt;\r\n                    &lt;/android.widget.FrameLayout&gt;\r\n                    &lt;android.widget.LinearLayout index=\"2\" package=\"com.android.chrome\" class=\"android.widget.LinearLayout\" text=\"\" resource-id=\"com.android.chrome:id/action_buttons\" checkable=\"false\" checked=\"false\" clickable=\"false\" enabled=\"true\" focusable=\"false\" focused=\"false\" long-clickable=\"false\" password=\"false\" scrollable=\"false\" selected=\"false\" bounds=\"[845,80][970,227]\" displayed=\"true\"&gt;\r\n                      &lt;android.widget.ImageButton index=\"0\" package=\"com.android.chrome\" class=\"android.widget.ImageButton\" text=\"\" content-desc=\"Teilen\" checkable=\"false\" checked=\"false\" clickable=\"true\" enabled=\"true\" focusable=\"true\" focused=\"false\" long-clickable=\"true\" password=\"false\" scrollable=\"false\" selected=\"false\" bounds=\"[845,80][970,227]\" displayed=\"true\" /&gt;\r\n                    &lt;/android.widget.LinearLayout&gt;\r\n                    &lt;android.widget.FrameLayout index=\"3\" package=\"com.android.chrome\" class=\"android.widget.FrameLayout\" text=\"\" resource-id=\"com.android.chrome:id/menu_button_wrapper\" checkable=\"false\" checked=\"false\" clickable=\"false\" enabled=\"true\" focusable=\"false\" focused=\"false\" long-clickable=\"false\" password=\"false\" scrollable=\"false\" selected=\"false\" bounds=\"[970,80][1080,227]\" displayed=\"true\"&gt;\r\n                      &lt;android.widget.ImageButton index=\"0\" package=\"com.android.chrome\" class=\"android.widget.ImageButton\" text=\"\" content-desc=\"Google Chrome anpassen und verwalten\" resource-id=\"com.android.chrome:id/menu_button\" checkable=\"false\" checked=\"false\" clickable=\"true\" enabled=\"true\" focusable=\"true\" focused=\"false\" long-clickable=\"false\" password=\"false\" scrollable=\"false\" selected=\"false\" bounds=\"[970,80][1080,227]\" displayed=\"true\" /&gt;\r\n                    &lt;/android.widget.FrameLayout&gt;\r\n                  &lt;/android.widget.FrameLayout&gt;\r\n                  &lt;android.widget.ImageView index=\"1\" package=\"com.android.chrome\" class=\"android.widget.ImageView\" text=\"\" resource-id=\"com.android.chrome:id/toolbar_hairline\" checkable=\"false\" checked=\"false\" clickable=\"false\" enabled=\"true\" focusable=\"false\" focused=\"false\" long-clickable=\"false\" password=\"false\" scrollable=\"false\" selected=\"false\" bounds=\"[0,227][1080,230]\" displayed=\"true\" /&gt;\r\n                &lt;/android.widget.FrameLayout&gt;\r\n              &lt;/android.widget.FrameLayout&gt;\r\n            &lt;/android.view.ViewGroup&gt;\r\n          &lt;/android.widget.FrameLayout&gt;\r\n        &lt;/android.widget.FrameLayout&gt;\r\n      &lt;/android.widget.FrameLayout&gt;\r\n    &lt;/android.widget.LinearLayout&gt;\r\n  &lt;/android.widget.FrameLayout&gt;\r\n&lt;/hierarchy&gt;"} | headers=HTTPHeaderDict({'X-Powered-By': 'Express', 'Content-Type': 'application/json; charset=utf-8', 'Content-Length': '24971', 'ETag': 'W/"618b-sSTMCSIgpj1Xm5EuX+eCVPhtYdg"', 'Date': 'Tue, 14 Nov 2023 07:39:14 GMT', 'Connection': 'keep-alive', 'Keep-Alive': 'timeout=600'})</msg>
<msg timestamp="20231114 08:39:14.531" level="DEBUG">Finished Request</msg>
<msg timestamp="20231114 08:39:14.531" level="TRACE">Return: None</msg>
<status status="PASS" starttime="20231114 08:39:14.280" endtime="20231114 08:39:14.531"/>
</kw>
<kw name="Sleep" library="BuiltIn">
<arg>2</arg>
<doc>Pauses the test executed for the given time.</doc>
<msg timestamp="20231114 08:39:14.532" level="TRACE">Arguments: [ '2' ]</msg>
<msg timestamp="20231114 08:39:16.533" level="INFO">Slept 2 seconds</msg>
<msg timestamp="20231114 08:39:16.533" level="TRACE">Return: None</msg>
<status status="PASS" starttime="20231114 08:39:14.532" endtime="20231114 08:39:16.533"/>
</kw>
<kw name="Click Element" library="AppiumLibrary">
<arg>${ACCOUNT}</arg>
<doc>Click element identified by `locator`.</doc>
<msg timestamp="20231114 08:39:16.533" level="TRACE">Arguments: [ '//android.widget.Button[@text=\'Melden Sie sich mit dem Geschäfts-, Schul- oder Unikonto "bilal.kuecuekkaya@spectralengines.com" an.\']' ]</msg>
<msg timestamp="20231114 08:39:16.533" level="INFO">Clicking element '//android.widget.Button[@text='Melden Sie sich mit dem Geschäfts-, Schul- oder Unikonto "bilal.kuecuekkaya@spectralengines.com" an.']'.</msg>
<msg timestamp="20231114 08:39:16.533" level="DEBUG">POST http://192.168.178.32:4723/session/44fbfd7a-8332-4f99-92ff-391bc04a38f0/elements {"using": "xpath", "value": "//android.widget.Button[@text='Melden Sie sich mit dem Gesch\u00e4fts-, Schul- oder Unikonto \"bilal.kuecuekkaya@spectralengines.com\" an.']"}</msg>
<msg timestamp="20231114 08:39:16.799" level="DEBUG">http://192.168.178.32:4723 "POST /session/44fbfd7a-8332-4f99-92ff-391bc04a38f0/elements HTTP/1.1" 200 0</msg>
<msg timestamp="20231114 08:39:16.799" level="DEBUG">Remote response: status=200 | data={"value":[{"element-6066-11e4-a52e-4f735466cecf":"00000000-0000-05f5-0000-05a400000273","ELEMENT":"00000000-0000-05f5-0000-05a400000273"}]} | headers=HTTPHeaderDict({'X-Powered-By': 'Express', 'Vary': 'X-HTTP-Method-Override', 'Content-Type': 'application/json; charset=utf-8', 'Content-Length': '139', 'ETag': 'W/"8b-17aXbYd1TWkV2Da1E1ZF0xN6bPc"', 'Date': 'Tue, 14 Nov 2023 07:39:16 GMT', 'Connection': 'keep-alive', 'Keep-Alive': 'timeout=600'})</msg>
<msg timestamp="20231114 08:39:16.799" level="DEBUG">Finished Request</msg>
<msg timestamp="20231114 08:39:16.799" level="DEBUG">POST http://192.168.178.32:4723/session/44fbfd7a-8332-4f99-92ff-391bc04a38f0/element/00000000-0000-05f5-0000-05a400000273/click {}</msg>
<msg timestamp="20231114 08:39:16.857" level="DEBUG">http://192.168.178.32:4723 "POST /session/44fbfd7a-8332-4f99-92ff-391bc04a38f0/element/00000000-0000-05f5-0000-05a400000273/click HTTP/1.1" 200 0</msg>
<msg timestamp="20231114 08:39:16.857" level="DEBUG">Remote response: status=200 | data={"value":null} | headers=HTTPHeaderDict({'X-Powered-By': 'Express', 'Vary': 'X-HTTP-Method-Override', 'Content-Type': 'application/json; charset=utf-8', 'Content-Length': '14', 'ETag': 'W/"e-9/1BuKMgFObM1mWJm+YjxtXJnUM"', 'Date': 'Tue, 14 Nov 2023 07:39:16 GMT', 'Connection': 'keep-alive', 'Keep-Alive': 'timeout=600'})</msg>
<msg timestamp="20231114 08:39:16.857" level="DEBUG">Finished Request</msg>
<msg timestamp="20231114 08:39:16.857" level="INFO">xpath criteria: //android.widget.Button[@text='Melden Sie sich mit dem Geschäfts-, Schul- oder Unikonto "bilal.kuecuekkaya@spectralengines.com" an.']</msg>
<msg timestamp="20231114 08:39:16.857" level="TRACE">Return: None</msg>
<status status="PASS" starttime="20231114 08:39:16.533" endtime="20231114 08:39:16.857"/>
</kw>
<kw name="Wait Until Page Contains Element" library="AppiumLibrary">
<arg>//android.widget.TextView[@text="Kennwort eingeben"]</arg>
<doc>Waits until element specified with `locator` appears on current page.</doc>
<msg timestamp="20231114 08:39:16.867" level="TRACE">Arguments: [ '//android.widget.TextView[@text="Kennwort eingeben"]' ]</msg>
<msg timestamp="20231114 08:39:16.867" level="DEBUG">POST http://192.168.178.32:4723/session/44fbfd7a-8332-4f99-92ff-391bc04a38f0/elements {"using": "xpath", "value": "//android.widget.TextView[@text=\"Kennwort eingeben\"]"}</msg>
<msg timestamp="20231114 08:39:17.072" level="DEBUG">http://192.168.178.32:4723 "POST /session/44fbfd7a-8332-4f99-92ff-391bc04a38f0/elements HTTP/1.1" 200 0</msg>
<msg timestamp="20231114 08:39:17.072" level="DEBUG">Remote response: status=200 | data={"value":[]} | headers=HTTPHeaderDict({'X-Powered-By': 'Express', 'Vary': 'X-HTTP-Method-Override', 'Content-Type': 'application/json; charset=utf-8', 'Content-Length': '12', 'ETag': 'W/"c-ct3goOI+b+kRZv2R9j2fTtMXwkk"', 'Date': 'Tue, 14 Nov 2023 07:39:17 GMT', 'Connection': 'keep-alive', 'Keep-Alive': 'timeout=600'})</msg>
<msg timestamp="20231114 08:39:17.072" level="DEBUG">Finished Request</msg>
<msg timestamp="20231114 08:39:17.273" level="DEBUG">POST http://192.168.178.32:4723/session/44fbfd7a-8332-4f99-92ff-391bc04a38f0/elements {"using": "xpath", "value": "//android.widget.TextView[@text=\"Kennwort eingeben\"]"}</msg>
<msg timestamp="20231114 08:39:17.439" level="DEBUG">http://192.168.178.32:4723 "POST /session/44fbfd7a-8332-4f99-92ff-391bc04a38f0/elements HTTP/1.1" 200 0</msg>
<msg timestamp="20231114 08:39:17.439" level="DEBUG">Remote response: status=200 | data={"value":[]} | headers=HTTPHeaderDict({'X-Powered-By': 'Express', 'Vary': 'X-HTTP-Method-Override', 'Content-Type': 'application/json; charset=utf-8', 'Content-Length': '12', 'ETag': 'W/"c-ct3goOI+b+kRZv2R9j2fTtMXwkk"', 'Date': 'Tue, 14 Nov 2023 07:39:17 GMT', 'Connection': 'keep-alive', 'Keep-Alive': 'timeout=600'})</msg>
<msg timestamp="20231114 08:39:17.439" level="DEBUG">Finished Request</msg>
<msg timestamp="20231114 08:39:17.639" level="DEBUG">POST http://192.168.178.32:4723/session/44fbfd7a-8332-4f99-92ff-391bc04a38f0/elements {"using": "xpath", "value": "//android.widget.TextView[@text=\"Kennwort eingeben\"]"}</msg>
<msg timestamp="20231114 08:39:18.671" level="DEBUG">http://192.168.178.32:4723 "POST /session/44fbfd7a-8332-4f99-92ff-391bc04a38f0/elements HTTP/1.1" 200 0</msg>
<msg timestamp="20231114 08:39:18.671" level="DEBUG">Remote response: status=200 | data={"value":[{"element-6066-11e4-a52e-4f735466cecf":"00000000-0000-05f5-0000-05ee00000273","ELEMENT":"00000000-0000-05f5-0000-05ee00000273"}]} | headers=HTTPHeaderDict({'X-Powered-By': 'Express', 'Vary': 'X-HTTP-Method-Override', 'Content-Type': 'application/json; charset=utf-8', 'Content-Length': '139', 'ETag': 'W/"8b-TAR8d8VZ4CPfvhGf49Yrzu0qwdc"', 'Date': 'Tue, 14 Nov 2023 07:39:18 GMT', 'Connection': 'keep-alive', 'Keep-Alive': 'timeout=600'})</msg>
<msg timestamp="20231114 08:39:18.671" level="DEBUG">Finished Request</msg>
<msg timestamp="20231114 08:39:18.672" level="INFO">xpath criteria: //android.widget.TextView[@text="Kennwort eingeben"]
xpath criteria: //android.widget.TextView[@text="Kennwort eingeben"]
xpath criteria: //android.widget.TextView[@text="Kennwort eingeben"]</msg>
<msg timestamp="20231114 08:39:18.672" level="TRACE">Return: None</msg>
<status status="PASS" starttime="20231114 08:39:16.866" endtime="20231114 08:39:18.672"/>
</kw>
<kw name="Click Element" library="AppiumLibrary">
<arg>${KENNWORT}</arg>
<doc>Click element identified by `locator`.</doc>
<msg timestamp="20231114 08:39:18.673" level="TRACE">Arguments: [ '//android.widget.EditText' ]</msg>
<msg timestamp="20231114 08:39:18.673" level="INFO">Clicking element '//android.widget.EditText'.</msg>
<msg timestamp="20231114 08:39:18.673" level="DEBUG">POST http://192.168.178.32:4723/session/44fbfd7a-8332-4f99-92ff-391bc04a38f0/elements {"using": "xpath", "value": "//android.widget.EditText"}</msg>
<msg timestamp="20231114 08:39:18.879" level="DEBUG">http://192.168.178.32:4723 "POST /session/44fbfd7a-8332-4f99-92ff-391bc04a38f0/elements HTTP/1.1" 200 0</msg>
<msg timestamp="20231114 08:39:18.879" level="DEBUG">Remote response: status=200 | data={"value":[{"element-6066-11e4-a52e-4f735466cecf":"00000000-0000-05f5-0000-05e300000273","ELEMENT":"00000000-0000-05f5-0000-05e300000273"}]} | headers=HTTPHeaderDict({'X-Powered-By': 'Express', 'Vary': 'X-HTTP-Method-Override', 'Content-Type': 'application/json; charset=utf-8', 'Content-Length': '139', 'ETag': 'W/"8b-BBr339T1Ox45udZnYi1iHhLy5nc"', 'Date': 'Tue, 14 Nov 2023 07:39:18 GMT', 'Connection': 'keep-alive', 'Keep-Alive': 'timeout=600'})</msg>
<msg timestamp="20231114 08:39:18.879" level="DEBUG">Finished Request</msg>
<msg timestamp="20231114 08:39:18.879" level="DEBUG">POST http://192.168.178.32:4723/session/44fbfd7a-8332-4f99-92ff-391bc04a38f0/element/00000000-0000-05f5-0000-05e300000273/click {}</msg>
<msg timestamp="20231114 08:39:18.951" level="DEBUG">http://192.168.178.32:4723 "POST /session/44fbfd7a-8332-4f99-92ff-391bc04a38f0/element/00000000-0000-05f5-0000-05e300000273/click HTTP/1.1" 200 0</msg>
<msg timestamp="20231114 08:39:18.951" level="DEBUG">Remote response: status=200 | data={"value":null} | headers=HTTPHeaderDict({'X-Powered-By': 'Express', 'Vary': 'X-HTTP-Method-Override', 'Content-Type': 'application/json; charset=utf-8', 'Content-Length': '14', 'ETag': 'W/"e-9/1BuKMgFObM1mWJm+YjxtXJnUM"', 'Date': 'Tue, 14 Nov 2023 07:39:18 GMT', 'Connection': 'keep-alive', 'Keep-Alive': 'timeout=600'})</msg>
<msg timestamp="20231114 08:39:18.951" level="DEBUG">Finished Request</msg>
<msg timestamp="20231114 08:39:18.951" level="INFO">xpath criteria: //android.widget.EditText</msg>
<msg timestamp="20231114 08:39:18.951" level="TRACE">Return: None</msg>
<status status="PASS" starttime="20231114 08:39:18.673" endtime="20231114 08:39:18.951"/>
</kw>
<kw name="Input Text" library="AppiumLibrary">
<arg>${KENNWORT}</arg>
<arg>text=123456</arg>
<doc>Types the given `text` into text field identified by `locator`.</doc>
<msg timestamp="20231114 08:39:18.951" level="TRACE">Arguments: [ '//android.widget.EditText' | text='123456' ]</msg>
<msg timestamp="20231114 08:39:18.951" level="INFO">Typing text '123456' into text field '//android.widget.EditText'</msg>
<msg timestamp="20231114 08:39:18.951" level="DEBUG">POST http://192.168.178.32:4723/session/44fbfd7a-8332-4f99-92ff-391bc04a38f0/elements {"using": "xpath", "value": "//android.widget.EditText"}</msg>
<msg timestamp="20231114 08:39:19.103" level="DEBUG">http://192.168.178.32:4723 "POST /session/44fbfd7a-8332-4f99-92ff-391bc04a38f0/elements HTTP/1.1" 200 0</msg>
<msg timestamp="20231114 08:39:19.103" level="DEBUG">Remote response: status=200 | data={"value":[{"element-6066-11e4-a52e-4f735466cecf":"00000000-0000-05f5-0000-05e300000273","ELEMENT":"00000000-0000-05f5-0000-05e300000273"}]} | headers=HTTPHeaderDict({'X-Powered-By': 'Express', 'Vary': 'X-HTTP-Method-Override', 'Content-Type': 'application/json; charset=utf-8', 'Content-Length': '139', 'ETag': 'W/"8b-BBr339T1Ox45udZnYi1iHhLy5nc"', 'Date': 'Tue, 14 Nov 2023 07:39:19 GMT', 'Connection': 'keep-alive', 'Keep-Alive': 'timeout=600'})</msg>
<msg timestamp="20231114 08:39:19.103" level="DEBUG">Finished Request</msg>
<msg timestamp="20231114 08:39:19.103" level="DEBUG">POST http://192.168.178.32:4723/session/44fbfd7a-8332-4f99-92ff-391bc04a38f0/element/00000000-0000-05f5-0000-05e300000273/value {"text": "123456", "value": ["1", "2", "3", "4", "5", "6"]}</msg>
<msg timestamp="20231114 08:39:19.165" level="DEBUG">http://192.168.178.32:4723 "POST /session/44fbfd7a-8332-4f99-92ff-391bc04a38f0/element/00000000-0000-05f5-0000-05e300000273/value HTTP/1.1" 200 0</msg>
<msg timestamp="20231114 08:39:19.165" level="DEBUG">Remote response: status=200 | data={"value":null} | headers=HTTPHeaderDict({'X-Powered-By': 'Express', 'Vary': 'X-HTTP-Method-Override', 'Content-Type': 'application/json; charset=utf-8', 'Content-Length': '14', 'ETag': 'W/"e-9/1BuKMgFObM1mWJm+YjxtXJnUM"', 'Date': 'Tue, 14 Nov 2023 07:39:19 GMT', 'Connection': 'keep-alive', 'Keep-Alive': 'timeout=600'})</msg>
<msg timestamp="20231114 08:39:19.165" level="DEBUG">Finished Request</msg>
<msg timestamp="20231114 08:39:19.165" level="INFO">xpath criteria: //android.widget.EditText</msg>
<msg timestamp="20231114 08:39:19.165" level="TRACE">Return: None</msg>
<status status="PASS" starttime="20231114 08:39:18.951" endtime="20231114 08:39:19.165"/>
</kw>
<status status="PASS" starttime="20231114 08:39:03.614" endtime="20231114 08:39:19.165"/>
</test>
<status status="PASS" starttime="20231114 08:39:03.486" endtime="20231114 08:39:19.165"/>
</suite>
<statistics>
<total>
<stat pass="1" fail="0" skip="0">All Tests</stat>
</total>
<tag>
</tag>
<suite>
<stat pass="1" fail="0" skip="0" id="s1" name="Prp-Test-01">Prp-Test-01</stat>
</suite>
</statistics>
<errors>
</errors>
</robot>
