<?xml version="1.0" encoding="UTF-8"?>
<robot generator="Robot 6.1.1 (Python 3.11.5 on win32)" generated="20231114 13:42:27.702" rpa="false" schemaversion="4">
<suite id="s1" name="Prp-Test-01" source="C:\Users\BKU.SE\Desktop\SpectralEngines\Testing\Testautomation\testautomation-e2e\Tests\prp-test-01.robot">
<test id="s1-t1" name="Open_Application" line="10">
<kw name="Open Application" library="AppiumLibrary">
<arg>http://192.168.178.32:4724</arg>
<arg>platformName=Android</arg>
<arg>deviceName=RF8T90V5A7H</arg>
<arg>appPackage=com.purplepro.app</arg>
<arg>appActivity=com.purplepro.app.MainActivity</arg>
<arg>automationName=Uiautomator2</arg>
<doc>Opens a new application to given Appium server.
Capabilities of appium server, Android and iOS,
Please check https://github.com/appium/appium/blob/master/docs/en/writing-running-appium/server-args.md
| *Option*            | *Man.* | *Description*     |
| remote_url          | Yes    | Appium server url |
| alias               | no     | alias             |
| strict_ssl          | No     | allows you to send commands to an invalid certificate host like a self-signed one. |</doc>
<msg timestamp="20231114 13:42:27.824" level="TRACE">Arguments: [ 'http://192.168.178.32:4724' | platformName='Android' | deviceName='RF8T90V5A7H' | appPackage='com.purplepro.app' | appActivity='com.purplepro.app.MainActivity' | automationName='Uiautomator2' ]</msg>
<msg timestamp="20231114 13:42:27.824" level="DEBUG">POST http://192.168.178.32:4724/session {"capabilities": {"firstMatch": [{}], "alwaysMatch": {"platformName": "Android", "appium:deviceName": "RF8T90V5A7H", "appium:appPackage": "com.purplepro.app", "appium:appActivity": "com.purplepro.app.MainActivity", "appium:automationName": "Uiautomator2"}}}</msg>
<msg timestamp="20231114 13:42:27.843" level="DEBUG">Starting new HTTP connection (1): 192.168.178.32:4724</msg>
<msg timestamp="20231114 13:42:37.191" level="DEBUG">http://192.168.178.32:4724 "POST /session HTTP/1.1" 200 0</msg>
<msg timestamp="20231114 13:42:37.191" level="DEBUG">Remote response: status=200 | data={"value":{"capabilities":{"platformName":"Android","deviceName":"RF8T90V5A7H","appPackage":"com.purplepro.app","appActivity":"com.purplepro.app.MainActivity","automationName":"Uiautomator2","platform":"LINUX","webStorageEnabled":false,"takesScreenshot":true,"javascriptEnabled":true,"databaseEnabled":false,"networkConnectionEnabled":true,"locationContextEnabled":false,"warnings":{},"desired":{"platformName":"Android","deviceName":"RF8T90V5A7H","appPackage":"com.purplepro.app","appActivity":"com.purplepro.app.MainActivity","automationName":"Uiautomator2"},"deviceUDID":"RF8T90V5A7H","pixelRatio":"2.625","statBarHeight":78,"viewportRect":{"left":0,"top":78,"width":1080,"height":2116},"deviceApiLevel":33,"platformVersion":"13","deviceManufacturer":"samsung","deviceModel":"SM-A325F","deviceScreenSize":"1080x2400","deviceScreenDensity":420},"sessionId":"a937c905-93e7-4738-9686-528b49a121a8"}} | headers=HTTPHeaderDict({'X-Powered-By': 'Express', 'Vary': 'X-HTTP-Method-Override', 'Content-Type': 'application/json; charset=utf-8', 'Content-Length': '898', 'ETag': 'W/"382-6VhbhL37NXFm8ge7mI6TydKS7Bw"', 'Date': 'Tue, 14 Nov 2023 12:42:37 GMT', 'Connection': 'keep-alive', 'Keep-Alive': 'timeout=600'})</msg>
<msg timestamp="20231114 13:42:37.191" level="DEBUG">Finished Request</msg>
<msg timestamp="20231114 13:42:37.191" level="DEBUG">Opened application with session id a937c905-93e7-4738-9686-528b49a121a8</msg>
<msg timestamp="20231114 13:42:37.191" level="TRACE">Return: 1</msg>
<status status="PASS" starttime="20231114 13:42:27.824" endtime="20231114 13:42:37.191"/>
</kw>
<kw name="Wait Until Page Contains Element" library="AppiumLibrary">
<arg>${SIGNIN-BUTTON}</arg>
<doc>Waits until element specified with `locator` appears on current page.</doc>
<msg timestamp="20231114 13:42:37.191" level="TRACE">Arguments: [ '//android.widget.Button[@text="Sign in"]' ]</msg>
<msg timestamp="20231114 13:42:37.191" level="DEBUG">POST http://192.168.178.32:4724/session/a937c905-93e7-4738-9686-528b49a121a8/elements {"using": "xpath", "value": "//android.widget.Button[@text=\"Sign in\"]"}</msg>
<msg timestamp="20231114 13:42:38.212" level="DEBUG">http://192.168.178.32:4724 "POST /session/a937c905-93e7-4738-9686-528b49a121a8/elements HTTP/1.1" 200 0</msg>
<msg timestamp="20231114 13:42:38.212" level="DEBUG">Remote response: status=200 | data={"value":[]} | headers=HTTPHeaderDict({'X-Powered-By': 'Express', 'Vary': 'X-HTTP-Method-Override', 'Content-Type': 'application/json; charset=utf-8', 'Content-Length': '12', 'ETag': 'W/"c-ct3goOI+b+kRZv2R9j2fTtMXwkk"', 'Date': 'Tue, 14 Nov 2023 12:42:38 GMT', 'Connection': 'keep-alive', 'Keep-Alive': 'timeout=600'})</msg>
<msg timestamp="20231114 13:42:38.212" level="DEBUG">Finished Request</msg>
<msg timestamp="20231114 13:42:38.418" level="DEBUG">POST http://192.168.178.32:4724/session/a937c905-93e7-4738-9686-528b49a121a8/elements {"using": "xpath", "value": "//android.widget.Button[@text=\"Sign in\"]"}</msg>
<msg timestamp="20231114 13:42:38.479" level="DEBUG">http://192.168.178.32:4724 "POST /session/a937c905-93e7-4738-9686-528b49a121a8/elements HTTP/1.1" 200 0</msg>
<msg timestamp="20231114 13:42:38.479" level="DEBUG">Remote response: status=200 | data={"value":[]} | headers=HTTPHeaderDict({'X-Powered-By': 'Express', 'Vary': 'X-HTTP-Method-Override', 'Content-Type': 'application/json; charset=utf-8', 'Content-Length': '12', 'ETag': 'W/"c-ct3goOI+b+kRZv2R9j2fTtMXwkk"', 'Date': 'Tue, 14 Nov 2023 12:42:38 GMT', 'Connection': 'keep-alive', 'Keep-Alive': 'timeout=600'})</msg>
<msg timestamp="20231114 13:42:38.479" level="DEBUG">Finished Request</msg>
<msg timestamp="20231114 13:42:38.689" level="DEBUG">POST http://192.168.178.32:4724/session/a937c905-93e7-4738-9686-528b49a121a8/elements {"using": "xpath", "value": "//android.widget.Button[@text=\"Sign in\"]"}</msg>
<msg timestamp="20231114 13:42:39.549" level="DEBUG">http://192.168.178.32:4724 "POST /session/a937c905-93e7-4738-9686-528b49a121a8/elements HTTP/1.1" 200 0</msg>
<msg timestamp="20231114 13:42:39.549" level="DEBUG">Remote response: status=200 | data={"value":[]} | headers=HTTPHeaderDict({'X-Powered-By': 'Express', 'Vary': 'X-HTTP-Method-Override', 'Content-Type': 'application/json; charset=utf-8', 'Content-Length': '12', 'ETag': 'W/"c-ct3goOI+b+kRZv2R9j2fTtMXwkk"', 'Date': 'Tue, 14 Nov 2023 12:42:39 GMT', 'Connection': 'keep-alive', 'Keep-Alive': 'timeout=600'})</msg>
<msg timestamp="20231114 13:42:39.549" level="DEBUG">Finished Request</msg>
<msg timestamp="20231114 13:42:39.750" level="DEBUG">POST http://192.168.178.32:4724/session/a937c905-93e7-4738-9686-528b49a121a8/elements {"using": "xpath", "value": "//android.widget.Button[@text=\"Sign in\"]"}</msg>
<msg timestamp="20231114 13:42:39.864" level="DEBUG">http://192.168.178.32:4724 "POST /session/a937c905-93e7-4738-9686-528b49a121a8/elements HTTP/1.1" 200 0</msg>
<msg timestamp="20231114 13:42:39.864" level="DEBUG">Remote response: status=200 | data={"value":[]} | headers=HTTPHeaderDict({'X-Powered-By': 'Express', 'Vary': 'X-HTTP-Method-Override', 'Content-Type': 'application/json; charset=utf-8', 'Content-Length': '12', 'ETag': 'W/"c-ct3goOI+b+kRZv2R9j2fTtMXwkk"', 'Date': 'Tue, 14 Nov 2023 12:42:39 GMT', 'Connection': 'keep-alive', 'Keep-Alive': 'timeout=600'})</msg>
<msg timestamp="20231114 13:42:39.864" level="DEBUG">Finished Request</msg>
<msg timestamp="20231114 13:42:40.065" level="DEBUG">POST http://192.168.178.32:4724/session/a937c905-93e7-4738-9686-528b49a121a8/elements {"using": "xpath", "value": "//android.widget.Button[@text=\"Sign in\"]"}</msg>
<msg timestamp="20231114 13:42:40.173" level="DEBUG">http://192.168.178.32:4724 "POST /session/a937c905-93e7-4738-9686-528b49a121a8/elements HTTP/1.1" 200 0</msg>
<msg timestamp="20231114 13:42:40.173" level="DEBUG">Remote response: status=200 | data={"value":[]} | headers=HTTPHeaderDict({'X-Powered-By': 'Express', 'Vary': 'X-HTTP-Method-Override', 'Content-Type': 'application/json; charset=utf-8', 'Content-Length': '12', 'ETag': 'W/"c-ct3goOI+b+kRZv2R9j2fTtMXwkk"', 'Date': 'Tue, 14 Nov 2023 12:42:40 GMT', 'Connection': 'keep-alive', 'Keep-Alive': 'timeout=600'})</msg>
<msg timestamp="20231114 13:42:40.173" level="DEBUG">Finished Request</msg>
<msg timestamp="20231114 13:42:40.382" level="DEBUG">POST http://192.168.178.32:4724/session/a937c905-93e7-4738-9686-528b49a121a8/elements {"using": "xpath", "value": "//android.widget.Button[@text=\"Sign in\"]"}</msg>
<msg timestamp="20231114 13:42:40.515" level="DEBUG">http://192.168.178.32:4724 "POST /session/a937c905-93e7-4738-9686-528b49a121a8/elements HTTP/1.1" 200 0</msg>
<msg timestamp="20231114 13:42:40.515" level="DEBUG">Remote response: status=200 | data={"value":[{"element-6066-11e4-a52e-4f735466cecf":"00000000-0000-066a-0000-002e00000007","ELEMENT":"00000000-0000-066a-0000-002e00000007"}]} | headers=HTTPHeaderDict({'X-Powered-By': 'Express', 'Vary': 'X-HTTP-Method-Override', 'Content-Type': 'application/json; charset=utf-8', 'Content-Length': '139', 'ETag': 'W/"8b-VzKiYKSkgK4b3HkPi3QMm5GYqRo"', 'Date': 'Tue, 14 Nov 2023 12:42:40 GMT', 'Connection': 'keep-alive', 'Keep-Alive': 'timeout=600'})</msg>
<msg timestamp="20231114 13:42:40.515" level="DEBUG">Finished Request</msg>
<msg timestamp="20231114 13:42:40.516" level="INFO">xpath criteria: //android.widget.Button[@text="Sign in"]
xpath criteria: //android.widget.Button[@text="Sign in"]
xpath criteria: //android.widget.Button[@text="Sign in"]
xpath criteria: //android.widget.Button[@text="Sign in"]
xpath criteria: //android.widget.Button[@text="Sign in"]
xpath criteria: //android.widget.Button[@text="Sign in"]</msg>
<msg timestamp="20231114 13:42:40.516" level="TRACE">Return: None</msg>
<status status="PASS" starttime="20231114 13:42:37.191" endtime="20231114 13:42:40.516"/>
</kw>
<kw name="Click Element" library="AppiumLibrary">
<arg>${SIGNIN-BUTTON}</arg>
<doc>Click element identified by `locator`.</doc>
<msg timestamp="20231114 13:42:40.517" level="TRACE">Arguments: [ '//android.widget.Button[@text="Sign in"]' ]</msg>
<msg timestamp="20231114 13:42:40.519" level="INFO">Clicking element '//android.widget.Button[@text="Sign in"]'.</msg>
<msg timestamp="20231114 13:42:40.519" level="DEBUG">POST http://192.168.178.32:4724/session/a937c905-93e7-4738-9686-528b49a121a8/elements {"using": "xpath", "value": "//android.widget.Button[@text=\"Sign in\"]"}</msg>
<msg timestamp="20231114 13:42:40.619" level="DEBUG">http://192.168.178.32:4724 "POST /session/a937c905-93e7-4738-9686-528b49a121a8/elements HTTP/1.1" 200 0</msg>
<msg timestamp="20231114 13:42:40.619" level="DEBUG">Remote response: status=200 | data={"value":[{"element-6066-11e4-a52e-4f735466cecf":"00000000-0000-066a-0000-002e00000007","ELEMENT":"00000000-0000-066a-0000-002e00000007"}]} | headers=HTTPHeaderDict({'X-Powered-By': 'Express', 'Vary': 'X-HTTP-Method-Override', 'Content-Type': 'application/json; charset=utf-8', 'Content-Length': '139', 'ETag': 'W/"8b-VzKiYKSkgK4b3HkPi3QMm5GYqRo"', 'Date': 'Tue, 14 Nov 2023 12:42:40 GMT', 'Connection': 'keep-alive', 'Keep-Alive': 'timeout=600'})</msg>
<msg timestamp="20231114 13:42:40.619" level="DEBUG">Finished Request</msg>
<msg timestamp="20231114 13:42:40.619" level="DEBUG">POST http://192.168.178.32:4724/session/a937c905-93e7-4738-9686-528b49a121a8/element/00000000-0000-066a-0000-002e00000007/click {}</msg>
<msg timestamp="20231114 13:42:40.710" level="DEBUG">http://192.168.178.32:4724 "POST /session/a937c905-93e7-4738-9686-528b49a121a8/element/00000000-0000-066a-0000-002e00000007/click HTTP/1.1" 200 0</msg>
<msg timestamp="20231114 13:42:40.710" level="DEBUG">Remote response: status=200 | data={"value":null} | headers=HTTPHeaderDict({'X-Powered-By': 'Express', 'Vary': 'X-HTTP-Method-Override', 'Content-Type': 'application/json; charset=utf-8', 'Content-Length': '14', 'ETag': 'W/"e-9/1BuKMgFObM1mWJm+YjxtXJnUM"', 'Date': 'Tue, 14 Nov 2023 12:42:40 GMT', 'Connection': 'keep-alive', 'Keep-Alive': 'timeout=600'})</msg>
<msg timestamp="20231114 13:42:40.710" level="DEBUG">Finished Request</msg>
<msg timestamp="20231114 13:42:40.710" level="INFO">xpath criteria: //android.widget.Button[@text="Sign in"]</msg>
<msg timestamp="20231114 13:42:40.710" level="TRACE">Return: None</msg>
<status status="PASS" starttime="20231114 13:42:40.517" endtime="20231114 13:42:40.710"/>
</kw>
<kw name="Sleep" library="BuiltIn">
<arg>2</arg>
<doc>Pauses the test executed for the given time.</doc>
<msg timestamp="20231114 13:42:40.710" level="TRACE">Arguments: [ '2' ]</msg>
<msg timestamp="20231114 13:42:42.710" level="INFO">Slept 2 seconds</msg>
<msg timestamp="20231114 13:42:42.710" level="TRACE">Return: None</msg>
<status status="PASS" starttime="20231114 13:42:40.710" endtime="20231114 13:42:42.710"/>
</kw>
<kw name="Wait Until Page Contains" library="AppiumLibrary">
<arg>text=Konto auswählen</arg>
<doc>Waits until `text` appears on current page.</doc>
<msg timestamp="20231114 13:42:42.710" level="TRACE">Arguments: [ text='Konto auswählen' ]</msg>
<msg timestamp="20231114 13:42:42.710" level="DEBUG">GET http://192.168.178.32:4724/session/a937c905-93e7-4738-9686-528b49a121a8/source {}</msg>
<msg timestamp="20231114 13:42:44.531" level="DEBUG">http://192.168.178.32:4724 "GET /session/a937c905-93e7-4738-9686-528b49a121a8/source HTTP/1.1" 200 0</msg>
<msg timestamp="20231114 13:42:44.531" level="DEBUG">Remote response: status=200 | data={"sessionId":"a937c905-93e7-4738-9686-528b49a121a8","value":"&lt;?xml version='1.0' encoding='UTF-8' standalone='yes' ?&gt;\r\n&lt;hierarchy index=\"0\" class=\"hierarchy\" rotation=\"0\" width=\"1080\" height=\"2194\"&gt;\r\n  &lt;android.widget.FrameLayout index=\"0\" package=\"com.android.chrome\" class=\"android.widget.FrameLayout\" text=\"\" checkable=\"false\" checked=\"false\" clickable=\"false\" enabled=\"true\" focusable=\"false\" focused=\"false\" long-clickable=\"false\" password=\"false\" scrollable=\"false\" selected=\"false\" bounds=\"[0,0][1080,2194]\" displayed=\"true\"&gt;\r\n    &lt;android.widget.LinearLayout index=\"0\" package=\"com.android.chrome\" class=\"android.widget.LinearLayout\" text=\"\" checkable=\"false\" checked=\"false\" clickable=\"false\" enabled=\"true\" focusable=\"false\" focused=\"false\" long-clickable=\"false\" password=\"false\" scrollable=\"false\" selected=\"false\" bounds=\"[0,0][1080,2194]\" displayed=\"true\"&gt;\r\n      &lt;android.widget.FrameLayout index=\"0\" package=\"com.android.chrome\" class=\"android.widget.FrameLayout\" text=\"\" checkable=\"false\" checked=\"false\" clickable=\"false\" enabled=\"true\" focusable=\"false\" focused=\"false\" long-clickable=\"false\" password=\"false\" scrollable=\"false\" selected=\"false\" bounds=\"[0,80][1080,2194]\" displayed=\"true\"&gt;\r\n        &lt;android.widget.FrameLayout index=\"0\" package=\"com.android.chrome\" class=\"android.widget.FrameLayout\" text=\"\" checkable=\"false\" checked=\"false\" clickable=\"false\" enabled=\"true\" focusable=\"false\" focused=\"false\" long-clickable=\"false\" password=\"false\" scrollable=\"false\" selected=\"false\" bounds=\"[0,80][1080,2194]\" displayed=\"true\"&gt;\r\n          &lt;android.widget.FrameLayout index=\"0\" package=\"com.android.chrome\" class=\"android.widget.FrameLayout\" text=\"\" resource-id=\"android:id/content\" checkable=\"false\" checked=\"false\" clickable=\"false\" enabled=\"true\" focusable=\"false\" focused=\"false\" long-clickable=\"false\" password=\"false\" scrollable=\"false\" selected=\"false\" bounds=\"[0,80][1080,2194]\" displayed=\"true\"&gt;\r\n            &lt;android.view.ViewGroup index=\"0\" package=\"com.android.chrome\" class=\"android.view.ViewGroup\" text=\"\" resource-id=\"com.android.chrome:id/coordinator\" checkable=\"false\" checked=\"false\" clickable=\"false\" enabled=\"true\" focusable=\"false\" focused=\"false\" long-clickable=\"false\" password=\"false\" scrollable=\"false\" selected=\"false\" bounds=\"[0,80][1080,2194]\" displayed=\"true\"&gt;\r\n              &lt;android.widget.FrameLayout index=\"0\" package=\"com.android.chrome\" class=\"android.widget.FrameLayout\" text=\"\" resource-id=\"com.android.chrome:id/compositor_view_holder\" checkable=\"false\" checked=\"false\" clickable=\"false\" enabled=\"true\" focusable=\"false\" focused=\"false\" long-clickable=\"false\" password=\"false\" scrollable=\"false\" selected=\"false\" bounds=\"[0,80][1080,2194]\" displayed=\"true\"&gt;\r\n                &lt;android.widget.FrameLayout index=\"0\" package=\"com.android.chrome\" class=\"android.widget.FrameLayout\" text=\"\" checkable=\"false\" checked=\"false\" clickable=\"false\" enabled=\"true\" focusable=\"false\" focused=\"false\" long-clickable=\"false\" password=\"false\" scrollable=\"false\" selected=\"false\" bounds=\"[0,80][1080,2194]\" displayed=\"true\"&gt;\r\n                  &lt;android.view.View index=\"0\" package=\"com.android.chrome\" class=\"android.view.View\" text=\"\" checkable=\"false\" checked=\"false\" clickable=\"false\" enabled=\"true\" focusable=\"false\" focused=\"false\" long-clickable=\"false\" password=\"false\" scrollable=\"false\" selected=\"false\" bounds=\"[0,80][1080,2194]\" displayed=\"true\" /&gt;\r\n                &lt;/android.widget.FrameLayout&gt;\r\n                &lt;android.widget.FrameLayout index=\"1\" package=\"com.android.chrome\" class=\"android.widget.FrameLayout\" text=\"\" checkable=\"false\" checked=\"false\" clickable=\"false\" enabled=\"true\" focusable=\"false\" focused=\"false\" long-clickable=\"false\" password=\"false\" scrollable=\"false\" selected=\"false\" bounds=\"[0,80][1080,2194]\" displayed=\"true\"&gt;\r\n                  &lt;android.webkit.WebView index=\"0\" package=\"com.android.chrome\" class=\"android.webkit.WebView\" text=\"Bei Ihrem Konto anmelden\" checkable=\"false\" checked=\"false\" clickable=\"false\" enabled=\"true\" focusable=\"true\" focused=\"false\" long-clickable=\"false\" password=\"false\" scrollable=\"true\" selected=\"false\" bounds=\"[0,227][1080,2194]\" displayed=\"true\" hint=\"\"&gt;\r\n                    &lt;android.view.View index=\"0\" package=\"com.android.chrome\" class=\"android.view.View\" text=\"\" resource-id=\"i0281\" checkable=\"false\" checked=\"false\" clickable=\"false\" enabled=\"true\" focusable=\"false\" focused=\"false\" long-clickable=\"false\" password=\"false\" scrollable=\"false\" selected=\"false\" bounds=\"[0,227][1080,232]\" displayed=\"true\" hint=\"\"&gt;\r\n                      &lt;android.view.View index=\"0\" package=\"com.android.chrome\" class=\"android.view.View\" text=\"\" resource-id=\"lightboxTemplateContainer\" checkable=\"false\" checked=\"false\" clickable=\"false\" enabled=\"true\" focusable=\"false\" focused=\"false\" long-clickable=\"false\" password=\"false\" scrollable=\"false\" selected=\"false\" bounds=\"[0,227][1080,232]\" displayed=\"true\" hint=\"\"&gt;\r\n                        &lt;android.view.View index=\"1\" package=\"com.android.chrome\" class=\"android.view.View\" text=\"\" checkable=\"false\" checked=\"false\" clickable=\"false\" enabled=\"true\" focusable=\"false\" focused=\"false\" long-clickable=\"false\" password=\"false\" scrollable=\"false\" selected=\"false\" bounds=\"[0,227][1080,2194]\" displayed=\"true\" hint=\"\"&gt;\r\n                          &lt;android.view.View index=\"0\" package=\"com.android.chrome\" class=\"android.view.View\" text=\"\" checkable=\"false\" checked=\"false\" clickable=\"false\" enabled=\"true\" focusable=\"false\" focused=\"false\" long-clickable=\"false\" password=\"false\" scrollable=\"false\" selected=\"false\" bounds=\"[0,227][1080,2194]\" displayed=\"true\" hint=\"\"&gt;\r\n                            &lt;android.view.View index=\"0\" package=\"com.android.chrome\" class=\"android.view.View\" text=\"Microsoft\" checkable=\"false\" checked=\"false\" clickable=\"false\" enabled=\"true\" focusable=\"false\" focused=\"false\" long-clickable=\"false\" password=\"false\" scrollable=\"false\" selected=\"false\" bounds=\"[0,227][1080,2194]\" displayed=\"true\" hint=\"\"&gt;\r\n                              &lt;android.view.View index=\"0\" package=\"com.android.chrome\" class=\"android.view.View\" text=\"\" resource-id=\"lightbox\" checkable=\"false\" checked=\"false\" clickable=\"false\" enabled=\"true\" focusable=\"false\" focused=\"false\" long-clickable=\"false\" password=\"false\" scrollable=\"false\" selected=\"false\" bounds=\"[0,227][1080,1206]\" displayed=\"true\" hint=\"\"&gt;\r\n                                &lt;android.widget.TextView index=\"0\" package=\"com.android.chrome\" class=\"android.widget.TextView\" text=\"\" checkable=\"false\" checked=\"false\" clickable=\"false\" enabled=\"true\" focusable=\"false\" focused=\"false\" long-clickable=\"false\" password=\"false\" scrollable=\"false\" selected=\"false\" bounds=\"[0,227][1080,1206]\" displayed=\"true\" hint=\"\" /&gt;\r\n                                &lt;android.view.View index=\"1\" package=\"com.android.chrome\" class=\"android.view.View\" text=\"\" checkable=\"false\" checked=\"false\" clickable=\"false\" enabled=\"true\" focusable=\"false\" focused=\"false\" long-clickable=\"false\" password=\"false\" scrollable=\"false\" selected=\"false\" bounds=\"[68,295][1013,368]\" displayed=\"true\" hint=\"\"&gt;\r\n                                  &lt;android.widget.Image index=\"0\" package=\"com.android.chrome\" class=\"android.widget.Image\" text=\"Microsoft\" checkable=\"false\" checked=\"false\" clickable=\"false\" enabled=\"true\" focusable=\"false\" focused=\"false\" long-clickable=\"false\" password=\"false\" scrollable=\"false\" selected=\"false\" bounds=\"[68,295][383,368]\" displayed=\"true\" hint=\"\" /&gt;\r\n                                &lt;/android.view.View&gt;\r\n                                &lt;android.view.View index=\"2\" package=\"com.android.chrome\" class=\"android.view.View\" text=\"\" checkable=\"false\" checked=\"false\" clickable=\"false\" enabled=\"true\" focusable=\"false\" focused=\"false\" long-clickable=\"false\" password=\"false\" scrollable=\"false\" selected=\"false\" bounds=\"[68,410][1013,1009]\" displayed=\"true\" hint=\"\"&gt;\r\n                                  &lt;android.view.View index=\"0\" package=\"com.android.chrome\" class=\"android.view.View\" text=\"\" checkable=\"false\" checked=\"false\" clickable=\"false\" enabled=\"true\" focusable=\"false\" focused=\"false\" long-clickable=\"false\" password=\"false\" scrollable=\"false\" selected=\"false\" bounds=\"[225,410][1080,1009]\" displayed=\"true\" hint=\"\"&gt;\r\n                                    &lt;android.view.View index=\"0\" package=\"com.android.chrome\" class=\"android.view.View\" text=\"\" resource-id=\"loginHeader\" checkable=\"false\" checked=\"false\" clickable=\"false\" enabled=\"true\" focusable=\"false\" focused=\"false\" long-clickable=\"false\" password=\"false\" scrollable=\"false\" selected=\"false\" bounds=\"[225,410][1080,494]\" displayed=\"true\" hint=\"\"&gt;\r\n                                      &lt;android.widget.TextView index=\"0\" package=\"com.android.chrome\" class=\"android.widget.TextView\" text=\"Konto auswählen\" checkable=\"false\" checked=\"false\" clickable=\"false\" enabled=\"true\" focusable=\"false\" focused=\"false\" long-clickable=\"false\" password=\"false\" scrollable=\"false\" selected=\"false\" bounds=\"[225,410][1080,494]\" displayed=\"true\" hint=\"\" /&gt;\r\n                                    &lt;/android.view.View&gt;\r\n                                    &lt;android.widget.ListView index=\"1\" package=\"com.android.chrome\" class=\"android.widget.ListView\" text=\"Konto auswählen\" resource-id=\"tilesHolder\" checkable=\"false\" checked=\"false\" clickable=\"false\" enabled=\"true\" focusable=\"false\" focused=\"false\" long-clickable=\"false\" password=\"false\" scrollable=\"false\" selected=\"false\" bounds=\"[225,526][1080,946]\" displayed=\"true\" hint=\"\"&gt;\r\n                                      &lt;android.view.View index=\"0\" package=\"com.android.chrome\" class=\"android.view.View\" text=\"\" checkable=\"false\" checked=\"false\" clickable=\"false\" enabled=\"true\" focusable=\"false\" focused=\"false\" long-clickable=\"false\" password=\"false\" scrollable=\"false\" selected=\"false\" bounds=\"[225,526][1080,736]\" displayed=\"true\" hint=\"\"&gt;\r\n                                        &lt;android.view.View index=\"0\" package=\"com.android.chrome\" class=\"android.view.View\" text=\"\" checkable=\"false\" checked=\"false\" clickable=\"false\" enabled=\"true\" focusable=\"false\" focused=\"false\" long-clickable=\"false\" password=\"false\" scrollable=\"false\" selected=\"false\" bounds=\"[154,526][1080,736]\" displayed=\"true\" hint=\"\"&gt;\r\n                                          &lt;android.widget.Button index=\"0\" package=\"com.android.chrome\" class=\"android.widget.Button\" text='Melden Sie sich mit dem Geschäfts-, Schul- oder Unikonto \"bilal.kuecuekkaya@spectralengines.com\" an.' checkable=\"false\" checked=\"false\" clickable=\"true\" enabled=\"true\" focusable=\"true\" focused=\"true\" long-clickable=\"false\" password=\"false\" scrollable=\"false\" selected=\"false\" bounds=\"[154,526][1080,736]\" displayed=\"true\" hint=\"Konto auswählen\" /&gt;\r\n                                        &lt;/android.view.View&gt;\r\n                                      &lt;/android.view.View&gt;\r\n                                      &lt;android.view.View index=\"1\" package=\"com.android.chrome\" class=\"android.view.View\" text=\"\" checkable=\"false\" checked=\"false\" clickable=\"false\" enabled=\"true\" focusable=\"false\" focused=\"false\" long-clickable=\"false\" password=\"false\" scrollable=\"false\" selected=\"false\" bounds=\"[154,733][1080,946]\" displayed=\"true\" hint=\"\"&gt;\r\n                                        &lt;android.widget.Button index=\"0\" package=\"com.android.chrome\" class=\"android.widget.Button\" text=\"Anderes Konto verwenden\" resource-id=\"otherTile\" checkable=\"false\" checked=\"false\" clickable=\"true\" enabled=\"true\" focusable=\"true\" focused=\"false\" long-clickable=\"false\" password=\"false\" scrollable=\"false\" selected=\"false\" bounds=\"[154,733][1080,946]\" displayed=\"true\" hint=\"\" /&gt;\r\n                                      &lt;/android.view.View&gt;\r\n                                    &lt;/android.widget.ListView&gt;\r\n                                  &lt;/android.view.View&gt;\r\n                                &lt;/android.view.View&gt;\r\n                              &lt;/android.view.View&gt;\r\n                            &lt;/android.view.View&gt;\r\n                          &lt;/android.view.View&gt;\r\n                          &lt;android.view.View index=\"1\" package=\"com.android.chrome\" class=\"android.view.View\" text=\"\" resource-id=\"footer\" checkable=\"false\" checked=\"false\" clickable=\"false\" enabled=\"true\" focusable=\"false\" focused=\"false\" long-clickable=\"false\" password=\"false\" scrollable=\"false\" selected=\"false\" bounds=\"[0,2111][1080,2194]\" displayed=\"true\" hint=\"\"&gt;\r\n                            &lt;android.view.View index=\"0\" package=\"com.android.chrome\" class=\"android.view.View\" text=\"\" resource-id=\"footerLinks\" checkable=\"false\" checked=\"false\" clickable=\"false\" enabled=\"true\" focusable=\"false\" focused=\"false\" long-clickable=\"false\" password=\"false\" scrollable=\"false\" selected=\"false\" bounds=\"[68,2111][1013,2194]\" displayed=\"true\" hint=\"\"&gt;\r\n                              &lt;android.view.View index=\"0\" package=\"com.android.chrome\" class=\"android.view.View\" text=\"\" content-desc=\"Nutzungsbedingungen\" resource-id=\"ftrTerms\" checkable=\"false\" checked=\"false\" clickable=\"true\" enabled=\"true\" focusable=\"true\" focused=\"false\" long-clickable=\"false\" password=\"false\" scrollable=\"false\" selected=\"false\" bounds=\"[91,2111][438,2194]\" displayed=\"true\" hint=\"\"&gt;\r\n                                &lt;android.widget.TextView index=\"0\" package=\"com.android.chrome\" class=\"android.widget.TextView\" text=\"Nutzungsbedingungen\" checkable=\"false\" checked=\"false\" clickable=\"false\" enabled=\"true\" focusable=\"false\" focused=\"false\" long-clickable=\"false\" password=\"false\" scrollable=\"false\" selected=\"false\" bounds=\"[91,2132][438,2177]\" displayed=\"true\" hint=\"\" /&gt;\r\n                              &lt;/android.view.View&gt;\r\n                              &lt;android.view.View index=\"1\" package=\"com.android.chrome\" class=\"android.view.View\" text=\"\" content-desc=\"Datenschutz und Cookies\" resource-id=\"ftrPrivacy\" checkable=\"false\" checked=\"false\" clickable=\"true\" enabled=\"true\" focusable=\"true\" focused=\"false\" long-clickable=\"false\" password=\"false\" scrollable=\"false\" selected=\"false\" bounds=\"[490,2111][887,2194]\" displayed=\"true\" hint=\"\"&gt;\r\n                                &lt;android.widget.TextView index=\"0\" package=\"com.android.chrome\" class=\"android.widget.TextView\" text=\"Datenschutz und Cookies\" checkable=\"false\" checked=\"false\" clickable=\"false\" enabled=\"true\" focusable=\"false\" focused=\"false\" long-clickable=\"false\" password=\"false\" scrollable=\"false\" selected=\"false\" bounds=\"[490,2132][887,2177]\" displayed=\"true\" hint=\"\" /&gt;\r\n                              &lt;/android.view.View&gt;\r\n                              &lt;android.view.View index=\"2\" package=\"com.android.chrome\" class=\"android.view.View\" text=\"\" content-desc=\"Haftungsausschluss\" resource-id=\"ftrImpressum\" checkable=\"false\" checked=\"false\" clickable=\"true\" enabled=\"true\" focusable=\"true\" focused=\"false\" long-clickable=\"false\" password=\"false\" scrollable=\"false\" selected=\"false\" bounds=\"[91,2193][412,2194]\" displayed=\"true\" hint=\"\"&gt;\r\n                                &lt;android.widget.TextView index=\"0\" package=\"com.android.chrome\" class=\"android.widget.TextView\" text=\"Haftungsausschluss\" checkable=\"false\" checked=\"false\" clickable=\"false\" enabled=\"true\" focusable=\"false\" focused=\"false\" long-clickable=\"false\" password=\"false\" scrollable=\"false\" selected=\"false\" bounds=\"[91,2211][412,2256]\" displayed=\"true\" hint=\"\" /&gt;\r\n                              &lt;/android.view.View&gt;\r\n                              &lt;android.widget.Button index=\"3\" package=\"com.android.chrome\" class=\"android.widget.Button\" text=\"Klicken Sie hier, um weitere Informationen zur Problembehandlung zu erhalten.\" resource-id=\"moreOptions\" checkable=\"false\" checked=\"false\" clickable=\"true\" enabled=\"true\" focusable=\"true\" focused=\"false\" long-clickable=\"false\" password=\"false\" scrollable=\"false\" selected=\"false\" bounds=\"[464,2193][532,2194]\" displayed=\"true\" hint=\"\" /&gt;\r\n                            &lt;/android.view.View&gt;\r\n                          &lt;/android.view.View&gt;\r\n                        &lt;/android.view.View&gt;\r\n                      &lt;/android.view.View&gt;\r\n                    &lt;/android.view.View&gt;\r\n                  &lt;/android.webkit.WebView&gt;\r\n                &lt;/android.widget.FrameLayout&gt;\r\n              &lt;/android.widget.FrameLayout&gt;\r\n              &lt;android.widget.FrameLayout index=\"1\" package=\"com.android.chrome\" class=\"android.widget.FrameLayout\" text=\"\" resource-id=\"com.android.chrome:id/control_container\" checkable=\"false\" checked=\"false\" clickable=\"false\" enabled=\"true\" focusable=\"false\" focused=\"false\" long-clickable=\"false\" password=\"false\" scrollable=\"false\" selected=\"false\" bounds=\"[0,80][1080,230]\" displayed=\"true\"&gt;\r\n                &lt;android.widget.FrameLayout index=\"0\" package=\"com.android.chrome\" class=\"android.widget.FrameLayout\" text=\"\" resource-id=\"com.android.chrome:id/toolbar_container\" checkable=\"false\" checked=\"false\" clickable=\"false\" enabled=\"true\" focusable=\"false\" focused=\"false\" long-clickable=\"false\" password=\"false\" scrollable=\"false\" selected=\"false\" bounds=\"[0,80][1080,230]\" displayed=\"true\"&gt;\r\n                  &lt;android.widget.FrameLayout index=\"0\" package=\"com.android.chrome\" class=\"android.widget.FrameLayout\" text=\"\" resource-id=\"com.android.chrome:id/toolbar\" checkable=\"false\" checked=\"false\" clickable=\"false\" enabled=\"true\" focusable=\"false\" focused=\"false\" long-clickable=\"false\" password=\"false\" scrollable=\"false\" selected=\"false\" bounds=\"[0,80][1080,227]\" displayed=\"true\"&gt;\r\n                    &lt;android.widget.ImageButton index=\"0\" package=\"com.android.chrome\" class=\"android.widget.ImageButton\" text=\"\" content-desc=\"Schließen\" resource-id=\"com.android.chrome:id/close_button\" checkable=\"false\" checked=\"false\" clickable=\"true\" enabled=\"true\" focusable=\"true\" focused=\"false\" long-clickable=\"true\" password=\"false\" scrollable=\"false\" selected=\"false\" bounds=\"[0,80][126,227]\" displayed=\"true\" /&gt;\r\n                    &lt;android.widget.FrameLayout index=\"1\" package=\"com.android.chrome\" class=\"android.widget.FrameLayout\" text=\"\" resource-id=\"com.android.chrome:id/location_bar_frame_layout\" checkable=\"false\" checked=\"false\" clickable=\"false\" enabled=\"true\" focusable=\"false\" focused=\"false\" long-clickable=\"false\" password=\"false\" scrollable=\"false\" selected=\"false\" bounds=\"[126,122][845,185]\" displayed=\"true\"&gt;\r\n                      &lt;android.widget.ImageButton index=\"0\" package=\"com.android.chrome\" class=\"android.widget.ImageButton\" text=\"\" content-desc=\"Verbindung ist sicher\" resource-id=\"com.android.chrome:id/security_button\" checkable=\"false\" checked=\"false\" clickable=\"true\" enabled=\"true\" focusable=\"true\" focused=\"false\" long-clickable=\"false\" password=\"false\" scrollable=\"false\" selected=\"false\" bounds=\"[126,122][200,185]\" displayed=\"true\" /&gt;\r\n                      &lt;android.widget.FrameLayout index=\"1\" package=\"com.android.chrome\" class=\"android.widget.FrameLayout\" text=\"\" resource-id=\"com.android.chrome:id/title_url_container\" checkable=\"false\" checked=\"false\" clickable=\"false\" enabled=\"true\" focusable=\"false\" focused=\"false\" long-clickable=\"true\" password=\"false\" scrollable=\"false\" selected=\"false\" bounds=\"[200,130][845,177]\" displayed=\"true\"&gt;\r\n                        &lt;android.widget.TextView index=\"0\" package=\"com.android.chrome\" class=\"android.widget.TextView\" text=\"login.microsoftonline.com\" resource-id=\"com.android.chrome:id/url_bar\" checkable=\"false\" checked=\"false\" clickable=\"true\" enabled=\"false\" focusable=\"true\" focused=\"false\" long-clickable=\"true\" password=\"false\" scrollable=\"false\" selected=\"false\" bounds=\"[200,130][631,177]\" displayed=\"true\" hint=\"\" /&gt;\r\n                      &lt;/android.widget.FrameLayout&gt;\r\n                    &lt;/android.widget.FrameLayout&gt;\r\n                    &lt;android.widget.LinearLayout index=\"2\" package=\"com.android.chrome\" class=\"android.widget.LinearLayout\" text=\"\" resource-id=\"com.android.chrome:id/action_buttons\" checkable=\"false\" checked=\"false\" clickable=\"false\" enabled=\"true\" focusable=\"false\" focused=\"false\" long-clickable=\"false\" password=\"false\" scrollable=\"false\" selected=\"false\" bounds=\"[845,80][970,227]\" displayed=\"true\"&gt;\r\n                      &lt;android.widget.ImageButton index=\"0\" package=\"com.android.chrome\" class=\"android.widget.ImageButton\" text=\"\" content-desc=\"Teilen\" checkable=\"false\" checked=\"false\" clickable=\"true\" enabled=\"true\" focusable=\"true\" focused=\"false\" long-clickable=\"true\" password=\"false\" scrollable=\"false\" selected=\"false\" bounds=\"[845,80][970,227]\" displayed=\"true\" /&gt;\r\n                    &lt;/android.widget.LinearLayout&gt;\r\n                    &lt;android.widget.FrameLayout index=\"3\" package=\"com.android.chrome\" class=\"android.widget.FrameLayout\" text=\"\" resource-id=\"com.android.chrome:id/menu_button_wrapper\" checkable=\"false\" checked=\"false\" clickable=\"false\" enabled=\"true\" focusable=\"false\" focused=\"false\" long-clickable=\"false\" password=\"false\" scrollable=\"false\" selected=\"false\" bounds=\"[970,80][1080,227]\" displayed=\"true\"&gt;\r\n                      &lt;android.widget.ImageButton index=\"0\" package=\"com.android.chrome\" class=\"android.widget.ImageButton\" text=\"\" content-desc=\"Google Chrome anpassen und verwalten\" resource-id=\"com.android.chrome:id/menu_button\" checkable=\"false\" checked=\"false\" clickable=\"true\" enabled=\"true\" focusable=\"true\" focused=\"false\" long-clickable=\"false\" password=\"false\" scrollable=\"false\" selected=\"false\" bounds=\"[970,80][1080,227]\" displayed=\"true\" /&gt;\r\n                    &lt;/android.widget.FrameLayout&gt;\r\n                  &lt;/android.widget.FrameLayout&gt;\r\n                  &lt;android.widget.ImageView index=\"1\" package=\"com.android.chrome\" class=\"android.widget.ImageView\" text=\"\" resource-id=\"com.android.chrome:id/toolbar_hairline\" checkable=\"false\" checked=\"false\" clickable=\"false\" enabled=\"true\" focusable=\"false\" focused=\"false\" long-clickable=\"false\" password=\"false\" scrollable=\"false\" selected=\"false\" bounds=\"[0,227][1080,230]\" displayed=\"true\" /&gt;\r\n                &lt;/android.widget.FrameLayout&gt;\r\n              &lt;/android.widget.FrameLayout&gt;\r\n            &lt;/android.view.ViewGroup&gt;\r\n          &lt;/android.widget.FrameLayout&gt;\r\n        &lt;/android.widget.FrameLayout&gt;\r\n      &lt;/android.widget.FrameLayout&gt;\r\n    &lt;/android.widget.LinearLayout&gt;\r\n  &lt;/android.widget.FrameLayout&gt;\r\n&lt;/hierarchy&gt;"} | headers=HTTPHeaderDict({'X-Powered-By': 'Express', 'Content-Type': 'application/json; charset=utf-8', 'Content-Length': '24089', 'ETag': 'W/"5e19-HXhFts8WLVeVC9gjAMp76rhxJH4"', 'Date': 'Tue, 14 Nov 2023 12:42:44 GMT', 'Connection': 'keep-alive', 'Keep-Alive': 'timeout=600'})</msg>
<msg timestamp="20231114 13:42:44.531" level="DEBUG">Finished Request</msg>
<msg timestamp="20231114 13:42:44.531" level="TRACE">Return: None</msg>
<status status="PASS" starttime="20231114 13:42:42.710" endtime="20231114 13:42:44.531"/>
</kw>
<kw name="Sleep" library="BuiltIn">
<arg>2</arg>
<doc>Pauses the test executed for the given time.</doc>
<msg timestamp="20231114 13:42:44.531" level="TRACE">Arguments: [ '2' ]</msg>
<msg timestamp="20231114 13:42:46.531" level="INFO">Slept 2 seconds</msg>
<msg timestamp="20231114 13:42:46.531" level="TRACE">Return: None</msg>
<status status="PASS" starttime="20231114 13:42:44.531" endtime="20231114 13:42:46.531"/>
</kw>
<kw name="Click Element" library="AppiumLibrary">
<arg>${ACCOUNT}</arg>
<doc>Click element identified by `locator`.</doc>
<msg timestamp="20231114 13:42:46.531" level="TRACE">Arguments: [ '//android.widget.Button[@text=\'Melden Sie sich mit dem Geschäfts-, Schul- oder Unikonto "bilal.kuecuekkaya@spectralengines.com" an.\']' ]</msg>
<msg timestamp="20231114 13:42:46.531" level="INFO">Clicking element '//android.widget.Button[@text='Melden Sie sich mit dem Geschäfts-, Schul- oder Unikonto "bilal.kuecuekkaya@spectralengines.com" an.']'.</msg>
<msg timestamp="20231114 13:42:46.531" level="DEBUG">POST http://192.168.178.32:4724/session/a937c905-93e7-4738-9686-528b49a121a8/elements {"using": "xpath", "value": "//android.widget.Button[@text='Melden Sie sich mit dem Gesch\u00e4fts-, Schul- oder Unikonto \"bilal.kuecuekkaya@spectralengines.com\" an.']"}</msg>
<msg timestamp="20231114 13:42:46.737" level="DEBUG">http://192.168.178.32:4724 "POST /session/a937c905-93e7-4738-9686-528b49a121a8/elements HTTP/1.1" 200 0</msg>
<msg timestamp="20231114 13:42:46.737" level="DEBUG">Remote response: status=200 | data={"value":[{"element-6066-11e4-a52e-4f735466cecf":"00000000-0000-066b-0000-005e00000038","ELEMENT":"00000000-0000-066b-0000-005e00000038"}]} | headers=HTTPHeaderDict({'X-Powered-By': 'Express', 'Vary': 'X-HTTP-Method-Override', 'Content-Type': 'application/json; charset=utf-8', 'Content-Length': '139', 'ETag': 'W/"8b-1SZ9IXdoITsypRMjp2uGEB5NW+Q"', 'Date': 'Tue, 14 Nov 2023 12:42:46 GMT', 'Connection': 'keep-alive', 'Keep-Alive': 'timeout=600'})</msg>
<msg timestamp="20231114 13:42:46.737" level="DEBUG">Finished Request</msg>
<msg timestamp="20231114 13:42:46.737" level="DEBUG">POST http://192.168.178.32:4724/session/a937c905-93e7-4738-9686-528b49a121a8/element/00000000-0000-066b-0000-005e00000038/click {}</msg>
<msg timestamp="20231114 13:42:47.338" level="DEBUG">http://192.168.178.32:4724 "POST /session/a937c905-93e7-4738-9686-528b49a121a8/element/00000000-0000-066b-0000-005e00000038/click HTTP/1.1" 200 0</msg>
<msg timestamp="20231114 13:42:47.338" level="DEBUG">Remote response: status=200 | data={"value":null} | headers=HTTPHeaderDict({'X-Powered-By': 'Express', 'Vary': 'X-HTTP-Method-Override', 'Content-Type': 'application/json; charset=utf-8', 'Content-Length': '14', 'ETag': 'W/"e-9/1BuKMgFObM1mWJm+YjxtXJnUM"', 'Date': 'Tue, 14 Nov 2023 12:42:47 GMT', 'Connection': 'keep-alive', 'Keep-Alive': 'timeout=600'})</msg>
<msg timestamp="20231114 13:42:47.338" level="DEBUG">Finished Request</msg>
<msg timestamp="20231114 13:42:47.338" level="INFO">xpath criteria: //android.widget.Button[@text='Melden Sie sich mit dem Geschäfts-, Schul- oder Unikonto "bilal.kuecuekkaya@spectralengines.com" an.']</msg>
<msg timestamp="20231114 13:42:47.338" level="TRACE">Return: None</msg>
<status status="PASS" starttime="20231114 13:42:46.531" endtime="20231114 13:42:47.338"/>
</kw>
<kw name="Wait Until Page Contains Element" library="AppiumLibrary">
<arg>//android.widget.TextView[@text="Kennwort eingeben"]</arg>
<doc>Waits until element specified with `locator` appears on current page.</doc>
<msg timestamp="20231114 13:42:47.338" level="TRACE">Arguments: [ '//android.widget.TextView[@text="Kennwort eingeben"]' ]</msg>
<msg timestamp="20231114 13:42:47.338" level="DEBUG">POST http://192.168.178.32:4724/session/a937c905-93e7-4738-9686-528b49a121a8/elements {"using": "xpath", "value": "//android.widget.TextView[@text=\"Kennwort eingeben\"]"}</msg>
<msg timestamp="20231114 13:42:47.586" level="DEBUG">http://192.168.178.32:4724 "POST /session/a937c905-93e7-4738-9686-528b49a121a8/elements HTTP/1.1" 200 0</msg>
<msg timestamp="20231114 13:42:47.586" level="DEBUG">Remote response: status=200 | data={"value":[]} | headers=HTTPHeaderDict({'X-Powered-By': 'Express', 'Vary': 'X-HTTP-Method-Override', 'Content-Type': 'application/json; charset=utf-8', 'Content-Length': '12', 'ETag': 'W/"c-ct3goOI+b+kRZv2R9j2fTtMXwkk"', 'Date': 'Tue, 14 Nov 2023 12:42:47 GMT', 'Connection': 'keep-alive', 'Keep-Alive': 'timeout=600'})</msg>
<msg timestamp="20231114 13:42:47.586" level="DEBUG">Finished Request</msg>
<msg timestamp="20231114 13:42:47.791" level="DEBUG">POST http://192.168.178.32:4724/session/a937c905-93e7-4738-9686-528b49a121a8/elements {"using": "xpath", "value": "//android.widget.TextView[@text=\"Kennwort eingeben\"]"}</msg>
<msg timestamp="20231114 13:42:47.965" level="DEBUG">http://192.168.178.32:4724 "POST /session/a937c905-93e7-4738-9686-528b49a121a8/elements HTTP/1.1" 200 0</msg>
<msg timestamp="20231114 13:42:47.965" level="DEBUG">Remote response: status=200 | data={"value":[]} | headers=HTTPHeaderDict({'X-Powered-By': 'Express', 'Vary': 'X-HTTP-Method-Override', 'Content-Type': 'application/json; charset=utf-8', 'Content-Length': '12', 'ETag': 'W/"c-ct3goOI+b+kRZv2R9j2fTtMXwkk"', 'Date': 'Tue, 14 Nov 2023 12:42:47 GMT', 'Connection': 'keep-alive', 'Keep-Alive': 'timeout=600'})</msg>
<msg timestamp="20231114 13:42:47.965" level="DEBUG">Finished Request</msg>
<msg timestamp="20231114 13:42:48.175" level="DEBUG">POST http://192.168.178.32:4724/session/a937c905-93e7-4738-9686-528b49a121a8/elements {"using": "xpath", "value": "//android.widget.TextView[@text=\"Kennwort eingeben\"]"}</msg>
<msg timestamp="20231114 13:42:48.463" level="DEBUG">http://192.168.178.32:4724 "POST /session/a937c905-93e7-4738-9686-528b49a121a8/elements HTTP/1.1" 200 0</msg>
<msg timestamp="20231114 13:42:48.463" level="DEBUG">Remote response: status=200 | data={"value":[]} | headers=HTTPHeaderDict({'X-Powered-By': 'Express', 'Vary': 'X-HTTP-Method-Override', 'Content-Type': 'application/json; charset=utf-8', 'Content-Length': '12', 'ETag': 'W/"c-ct3goOI+b+kRZv2R9j2fTtMXwkk"', 'Date': 'Tue, 14 Nov 2023 12:42:48 GMT', 'Connection': 'keep-alive', 'Keep-Alive': 'timeout=600'})</msg>
<msg timestamp="20231114 13:42:48.463" level="DEBUG">Finished Request</msg>
<msg timestamp="20231114 13:42:48.677" level="DEBUG">POST http://192.168.178.32:4724/session/a937c905-93e7-4738-9686-528b49a121a8/elements {"using": "xpath", "value": "//android.widget.TextView[@text=\"Kennwort eingeben\"]"}</msg>
<msg timestamp="20231114 13:42:49.946" level="DEBUG">http://192.168.178.32:4724 "POST /session/a937c905-93e7-4738-9686-528b49a121a8/elements HTTP/1.1" 200 0</msg>
<msg timestamp="20231114 13:42:49.946" level="DEBUG">Remote response: status=200 | data={"value":[{"element-6066-11e4-a52e-4f735466cecf":"00000000-0000-066b-0000-00a200000038","ELEMENT":"00000000-0000-066b-0000-00a200000038"}]} | headers=HTTPHeaderDict({'X-Powered-By': 'Express', 'Vary': 'X-HTTP-Method-Override', 'Content-Type': 'application/json; charset=utf-8', 'Content-Length': '139', 'ETag': 'W/"8b-4jcnireiPrTU+0re2bJqNCSO8I0"', 'Date': 'Tue, 14 Nov 2023 12:42:49 GMT', 'Connection': 'keep-alive', 'Keep-Alive': 'timeout=600'})</msg>
<msg timestamp="20231114 13:42:49.946" level="DEBUG">Finished Request</msg>
<msg timestamp="20231114 13:42:49.946" level="INFO">xpath criteria: //android.widget.TextView[@text="Kennwort eingeben"]
xpath criteria: //android.widget.TextView[@text="Kennwort eingeben"]
xpath criteria: //android.widget.TextView[@text="Kennwort eingeben"]
xpath criteria: //android.widget.TextView[@text="Kennwort eingeben"]</msg>
<msg timestamp="20231114 13:42:49.946" level="TRACE">Return: None</msg>
<status status="PASS" starttime="20231114 13:42:47.338" endtime="20231114 13:42:49.946"/>
</kw>
<kw name="Click Element" library="AppiumLibrary">
<arg>${KENNWORT}</arg>
<doc>Click element identified by `locator`.</doc>
<msg timestamp="20231114 13:42:49.946" level="TRACE">Arguments: [ '//android.widget.EditText' ]</msg>
<msg timestamp="20231114 13:42:49.946" level="INFO">Clicking element '//android.widget.EditText'.</msg>
<msg timestamp="20231114 13:42:49.946" level="DEBUG">POST http://192.168.178.32:4724/session/a937c905-93e7-4738-9686-528b49a121a8/elements {"using": "xpath", "value": "//android.widget.EditText"}</msg>
<msg timestamp="20231114 13:42:50.164" level="DEBUG">http://192.168.178.32:4724 "POST /session/a937c905-93e7-4738-9686-528b49a121a8/elements HTTP/1.1" 200 0</msg>
<msg timestamp="20231114 13:42:50.164" level="DEBUG">Remote response: status=200 | data={"value":[{"element-6066-11e4-a52e-4f735466cecf":"00000000-0000-066b-0000-009700000038","ELEMENT":"00000000-0000-066b-0000-009700000038"}]} | headers=HTTPHeaderDict({'X-Powered-By': 'Express', 'Vary': 'X-HTTP-Method-Override', 'Content-Type': 'application/json; charset=utf-8', 'Content-Length': '139', 'ETag': 'W/"8b-WMttQwox+3C/qOGkhIE5GgY3iRk"', 'Date': 'Tue, 14 Nov 2023 12:42:50 GMT', 'Connection': 'keep-alive', 'Keep-Alive': 'timeout=600'})</msg>
<msg timestamp="20231114 13:42:50.164" level="DEBUG">Finished Request</msg>
<msg timestamp="20231114 13:42:50.164" level="DEBUG">POST http://192.168.178.32:4724/session/a937c905-93e7-4738-9686-528b49a121a8/element/00000000-0000-066b-0000-009700000038/click {}</msg>
<msg timestamp="20231114 13:42:50.246" level="DEBUG">http://192.168.178.32:4724 "POST /session/a937c905-93e7-4738-9686-528b49a121a8/element/00000000-0000-066b-0000-009700000038/click HTTP/1.1" 200 0</msg>
<msg timestamp="20231114 13:42:50.246" level="DEBUG">Remote response: status=200 | data={"value":null} | headers=HTTPHeaderDict({'X-Powered-By': 'Express', 'Vary': 'X-HTTP-Method-Override', 'Content-Type': 'application/json; charset=utf-8', 'Content-Length': '14', 'ETag': 'W/"e-9/1BuKMgFObM1mWJm+YjxtXJnUM"', 'Date': 'Tue, 14 Nov 2023 12:42:50 GMT', 'Connection': 'keep-alive', 'Keep-Alive': 'timeout=600'})</msg>
<msg timestamp="20231114 13:42:50.246" level="DEBUG">Finished Request</msg>
<msg timestamp="20231114 13:42:50.246" level="INFO">xpath criteria: //android.widget.EditText</msg>
<msg timestamp="20231114 13:42:50.246" level="TRACE">Return: None</msg>
<status status="PASS" starttime="20231114 13:42:49.946" endtime="20231114 13:42:50.246"/>
</kw>
<kw name="Input Text" library="AppiumLibrary">
<arg>${KENNWORT}</arg>
<arg>text=123456</arg>
<doc>Types the given `text` into text field identified by `locator`.</doc>
<msg timestamp="20231114 13:42:50.246" level="TRACE">Arguments: [ '//android.widget.EditText' | text='123456' ]</msg>
<msg timestamp="20231114 13:42:50.246" level="INFO">Typing text '123456' into text field '//android.widget.EditText'</msg>
<msg timestamp="20231114 13:42:50.246" level="DEBUG">POST http://192.168.178.32:4724/session/a937c905-93e7-4738-9686-528b49a121a8/elements {"using": "xpath", "value": "//android.widget.EditText"}</msg>
<msg timestamp="20231114 13:42:50.468" level="DEBUG">http://192.168.178.32:4724 "POST /session/a937c905-93e7-4738-9686-528b49a121a8/elements HTTP/1.1" 200 0</msg>
<msg timestamp="20231114 13:42:50.468" level="DEBUG">Remote response: status=200 | data={"value":[{"element-6066-11e4-a52e-4f735466cecf":"00000000-0000-066b-0000-009700000038","ELEMENT":"00000000-0000-066b-0000-009700000038"}]} | headers=HTTPHeaderDict({'X-Powered-By': 'Express', 'Vary': 'X-HTTP-Method-Override', 'Content-Type': 'application/json; charset=utf-8', 'Content-Length': '139', 'ETag': 'W/"8b-WMttQwox+3C/qOGkhIE5GgY3iRk"', 'Date': 'Tue, 14 Nov 2023 12:42:50 GMT', 'Connection': 'keep-alive', 'Keep-Alive': 'timeout=600'})</msg>
<msg timestamp="20231114 13:42:50.468" level="DEBUG">Finished Request</msg>
<msg timestamp="20231114 13:42:50.468" level="DEBUG">POST http://192.168.178.32:4724/session/a937c905-93e7-4738-9686-528b49a121a8/element/00000000-0000-066b-0000-009700000038/value {"text": "123456", "value": ["1", "2", "3", "4", "5", "6"]}</msg>
<msg timestamp="20231114 13:42:50.515" level="DEBUG">http://192.168.178.32:4724 "POST /session/a937c905-93e7-4738-9686-528b49a121a8/element/00000000-0000-066b-0000-009700000038/value HTTP/1.1" 200 0</msg>
<msg timestamp="20231114 13:42:50.515" level="DEBUG">Remote response: status=200 | data={"value":null} | headers=HTTPHeaderDict({'X-Powered-By': 'Express', 'Vary': 'X-HTTP-Method-Override', 'Content-Type': 'application/json; charset=utf-8', 'Content-Length': '14', 'ETag': 'W/"e-9/1BuKMgFObM1mWJm+YjxtXJnUM"', 'Date': 'Tue, 14 Nov 2023 12:42:50 GMT', 'Connection': 'keep-alive', 'Keep-Alive': 'timeout=600'})</msg>
<msg timestamp="20231114 13:42:50.515" level="DEBUG">Finished Request</msg>
<msg timestamp="20231114 13:42:50.515" level="INFO">xpath criteria: //android.widget.EditText</msg>
<msg timestamp="20231114 13:42:50.515" level="TRACE">Return: None</msg>
<status status="PASS" starttime="20231114 13:42:50.246" endtime="20231114 13:42:50.515"/>
</kw>
<status status="PASS" starttime="20231114 13:42:27.824" endtime="20231114 13:42:50.515"/>
</test>
<status status="PASS" starttime="20231114 13:42:27.702" endtime="20231114 13:42:50.515"/>
</suite>
<statistics>
<total>
<stat pass="1" fail="0" skip="0">All Tests</stat>
</total>
<tag>
</tag>
<suite>
<stat pass="1" fail="0" skip="0" id="s1" name="Prp-Test-01">Prp-Test-01</stat>
</suite>
</statistics>
<errors>
</errors>
</robot>
